This file contains any messages produced by compilers while
running configure, to aid debugging if configure makes a mistake.

It was created by libieee1284 configure 0.2.11, which was
generated by GNU Autoconf 2.59.  Invocation command line was

  $ ./configure CC=/home/sanjit/Documents/workArea/LINUXCNC/compiler/firmware/buildroot-2015.11.1/output/host/usr/bin/arm-buildroot-linux-uclibcgnueabi-gcc CPP=/home/sanjit/Documents/workArea/LINUXCNC/compiler/firmware/buildroot-2015.11.1/output/host/usr/bin/arm-buildroot-linux-uclibcgnueabi-cpp --prefix=/home/sanjit/Documents/workArea/LINUXCNC/compiler/firmware/buildroot-2015.11.1/output/host/usr/arm-buildroot-linux-uclibcgnueabi/sysroot/usr/lib --target=arm --host=i386-linux CXX=/home/sanjit/Documents/workArea/LINUXCNC/compiler/firmware/buildroot-2015.11.1/output/host/usr/bin/arm-buildroot-linux-uclibcgnueabi-g++ --with-python=NO

## --------- ##
## Platform. ##
## --------- ##

hostname = lost
uname -m = x86_64
uname -r = 3.2.0-4-amd64
uname -s = Linux
uname -v = #1 SMP Debian 3.2.68-1+deb7u6

/usr/bin/uname -p = unknown
/bin/uname -X     = unknown

/bin/arch              = unknown
/usr/bin/arch -k       = unknown
/usr/convex/getsysinfo = unknown
hostinfo               = unknown
/bin/machine           = unknown
/usr/bin/oslevel       = unknown
/bin/universe          = unknown

PATH: /sbin
PATH: /usr/local/bin
PATH: /usr/bin
PATH: /bin
PATH: /usr/local/games
PATH: /usr/games


## ----------- ##
## Core tests. ##
## ----------- ##

configure:1550: checking for a BSD-compatible install
configure:1605: result: /usr/bin/install -c
configure:1616: checking whether build environment is sane
configure:1659: result: yes
configure:1724: checking for gawk
configure:1753: result: no
configure:1724: checking for mawk
configure:1740: found /usr/bin/mawk
configure:1750: result: mawk
configure:1760: checking whether make sets $(MAKE)
configure:1780: result: yes
configure:1856: checking for i386-linux-strip
configure:1885: result: no
configure:1894: checking for strip
configure:1910: found /usr/bin/strip
configure:1921: result: strip
configure:1960: checking for i386-linux-gcc
configure:1986: result: /home/sanjit/Documents/workArea/LINUXCNC/compiler/firmware/buildroot-2015.11.1/output/host/usr/bin/arm-buildroot-linux-uclibcgnueabi-gcc
configure:2268: checking for C compiler version
configure:2271: /home/sanjit/Documents/workArea/LINUXCNC/compiler/firmware/buildroot-2015.11.1/output/host/usr/bin/arm-buildroot-linux-uclibcgnueabi-gcc --version </dev/null >&5
arm-buildroot-linux-uclibcgnueabi-gcc.br_real (Buildroot 2015.11.1-gfc2ad62-dirty) 4.9.3
Copyright (C) 2015 Free Software Foundation, Inc.
This is free software; see the source for copying conditions.  There is NO
warranty; not even for MERCHANTABILITY or FITNESS FOR A PARTICULAR PURPOSE.

configure:2274: $? = 0
configure:2276: /home/sanjit/Documents/workArea/LINUXCNC/compiler/firmware/buildroot-2015.11.1/output/host/usr/bin/arm-buildroot-linux-uclibcgnueabi-gcc -v </dev/null >&5
Using built-in specs.
COLLECT_GCC=/home/sanjit/Documents/workArea/LINUXCNC/compiler/firmware/buildroot-2015.11.1/output/host/usr/bin/arm-buildroot-linux-uclibcgnueabi-gcc.br_real
COLLECT_LTO_WRAPPER=/home/sanjit/Documents/workArea/LINUXCNC/compiler/firmware/buildroot-2015.11.1/output/host/usr/libexec/gcc/arm-buildroot-linux-uclibcgnueabi/4.9.3/lto-wrapper
Target: arm-buildroot-linux-uclibcgnueabi
Configured with: ./configure --prefix=/home/sanjit/Documents/workArea/LINUXCNC/compiler/firmware/buildroot-2015.11.1/output/host/usr --sysconfdir=/home/sanjit/Documents/workArea/LINUXCNC/compiler/firmware/buildroot-2015.11.1/output/host/etc --enable-static --target=arm-buildroot-linux-uclibcgnueabi --with-sysroot=/home/sanjit/Documents/workArea/LINUXCNC/compiler/firmware/buildroot-2015.11.1/output/host/usr/arm-buildroot-linux-uclibcgnueabi/sysroot --disable-__cxa_atexit --with-gnu-ld --disable-libssp --disable-multilib --with-gmp=/home/sanjit/Documents/workArea/LINUXCNC/compiler/firmware/buildroot-2015.11.1/output/host/usr --with-mpfr=/home/sanjit/Documents/workArea/LINUXCNC/compiler/firmware/buildroot-2015.11.1/output/host/usr --with-pkgversion='Buildroot 2015.11.1-gfc2ad62-dirty' --with-bugurl=http://bugs.buildroot.net/ --disable-libsanitizer --enable-tls --enable-plugins --enable-lto --disable-libmudflap --enable-threads --with-mpc=/home/sanjit/Documents/workArea/LINUXCNC/compiler/firmware/buildroot-2015.11.1/output/host/usr --without-isl --without-cloog --with-float=soft --disable-decimal-float --with-abi=aapcs-linux --with-cpu=cortex-a15 --with-float=soft --with-mode=arm --enable-languages=c,c++ --with-build-time-tools=/home/sanjit/Documents/workArea/LINUXCNC/compiler/firmware/buildroot-2015.11.1/output/host/usr/arm-buildroot-linux-uclibcgnueabi/bin --enable-shared --disable-libgomp
Thread model: posix
gcc version 4.9.3 (Buildroot 2015.11.1-gfc2ad62-dirty) 
configure:2279: $? = 0
configure:2281: /home/sanjit/Documents/workArea/LINUXCNC/compiler/firmware/buildroot-2015.11.1/output/host/usr/bin/arm-buildroot-linux-uclibcgnueabi-gcc -V </dev/null >&5
arm-buildroot-linux-uclibcgnueabi-gcc.br_real: error: unrecognized command line option '-V'
arm-buildroot-linux-uclibcgnueabi-gcc.br_real: fatal error: no input files
compilation terminated.
configure:2284: $? = 1
configure:2307: checking for C compiler default output file name
configure:2310: /home/sanjit/Documents/workArea/LINUXCNC/compiler/firmware/buildroot-2015.11.1/output/host/usr/bin/arm-buildroot-linux-uclibcgnueabi-gcc    conftest.c  >&5
configure:2313: $? = 0
configure:2359: result: a.out
configure:2364: checking whether the C compiler works
configure:2370: ./a.out
./configure: line 2371: ./a.out: cannot execute binary file
configure:2373: $? = 126
configure:2390: result: yes
configure:2397: checking whether we are cross compiling
configure:2399: result: yes
configure:2402: checking for suffix of executables
configure:2404: /home/sanjit/Documents/workArea/LINUXCNC/compiler/firmware/buildroot-2015.11.1/output/host/usr/bin/arm-buildroot-linux-uclibcgnueabi-gcc -o conftest    conftest.c  >&5
configure:2407: $? = 0
configure:2432: result: 
configure:2438: checking for suffix of object files
configure:2459: /home/sanjit/Documents/workArea/LINUXCNC/compiler/firmware/buildroot-2015.11.1/output/host/usr/bin/arm-buildroot-linux-uclibcgnueabi-gcc -c   conftest.c >&5
configure:2462: $? = 0
configure:2484: result: o
configure:2488: checking whether we are using the GNU C compiler
configure:2512: /home/sanjit/Documents/workArea/LINUXCNC/compiler/firmware/buildroot-2015.11.1/output/host/usr/bin/arm-buildroot-linux-uclibcgnueabi-gcc -c   conftest.c >&5
configure:2518: $? = 0
configure:2522: test -z 
			 || test ! -s conftest.err
configure:2525: $? = 0
configure:2528: test -s conftest.o
configure:2531: $? = 0
configure:2544: result: yes
configure:2550: checking whether /home/sanjit/Documents/workArea/LINUXCNC/compiler/firmware/buildroot-2015.11.1/output/host/usr/bin/arm-buildroot-linux-uclibcgnueabi-gcc accepts -g
configure:2571: /home/sanjit/Documents/workArea/LINUXCNC/compiler/firmware/buildroot-2015.11.1/output/host/usr/bin/arm-buildroot-linux-uclibcgnueabi-gcc -c -g  conftest.c >&5
configure:2577: $? = 0
configure:2581: test -z 
			 || test ! -s conftest.err
configure:2584: $? = 0
configure:2587: test -s conftest.o
configure:2590: $? = 0
configure:2601: result: yes
configure:2618: checking for /home/sanjit/Documents/workArea/LINUXCNC/compiler/firmware/buildroot-2015.11.1/output/host/usr/bin/arm-buildroot-linux-uclibcgnueabi-gcc option to accept ANSI C
configure:2688: /home/sanjit/Documents/workArea/LINUXCNC/compiler/firmware/buildroot-2015.11.1/output/host/usr/bin/arm-buildroot-linux-uclibcgnueabi-gcc  -c -g -O2  conftest.c >&5
configure:2694: $? = 0
configure:2698: test -z 
			 || test ! -s conftest.err
configure:2701: $? = 0
configure:2704: test -s conftest.o
configure:2707: $? = 0
configure:2725: result: none needed
configure:2743: /home/sanjit/Documents/workArea/LINUXCNC/compiler/firmware/buildroot-2015.11.1/output/host/usr/bin/arm-buildroot-linux-uclibcgnueabi-gcc -c -g -O2  conftest.c >&5
conftest.c:2:3: error: unknown type name 'choke'
   choke me
   ^
conftest.c:2:3: error: expected '=', ',', ';', 'asm' or '__attribute__' at end of input
configure:2749: $? = 1
configure: failed program was:
| #ifndef __cplusplus
|   choke me
| #endif
configure:2893: checking for style of include used by make
configure:2921: result: GNU
configure:2949: checking dependency style of /home/sanjit/Documents/workArea/LINUXCNC/compiler/firmware/buildroot-2015.11.1/output/host/usr/bin/arm-buildroot-linux-uclibcgnueabi-gcc
configure:3039: result: gcc3
configure:3057: checking whether /home/sanjit/Documents/workArea/LINUXCNC/compiler/firmware/buildroot-2015.11.1/output/host/usr/bin/arm-buildroot-linux-uclibcgnueabi-gcc and cc understand -c and -o together
configure:3087: /home/sanjit/Documents/workArea/LINUXCNC/compiler/firmware/buildroot-2015.11.1/output/host/usr/bin/arm-buildroot-linux-uclibcgnueabi-gcc -c conftest.c -o conftest.o >&5
configure:3090: $? = 0
configure:3092: /home/sanjit/Documents/workArea/LINUXCNC/compiler/firmware/buildroot-2015.11.1/output/host/usr/bin/arm-buildroot-linux-uclibcgnueabi-gcc -c conftest.c -o conftest.o >&5
configure:3095: $? = 0
configure:3102: cc -c conftest.c >&5
configure:3105: $? = 0
configure:3108: cc -c conftest.c -o conftest.o >&5
configure:3111: $? = 0
configure:3113: cc -c conftest.c -o conftest.o >&5
configure:3116: $? = 0
configure:3134: result: yes
configure:3164: checking how to run the C preprocessor
configure:3282: result: /home/sanjit/Documents/workArea/LINUXCNC/compiler/firmware/buildroot-2015.11.1/output/host/usr/bin/arm-buildroot-linux-uclibcgnueabi-cpp
configure:3306: /home/sanjit/Documents/workArea/LINUXCNC/compiler/firmware/buildroot-2015.11.1/output/host/usr/bin/arm-buildroot-linux-uclibcgnueabi-cpp  conftest.c
configure:3312: $? = 0
configure:3344: /home/sanjit/Documents/workArea/LINUXCNC/compiler/firmware/buildroot-2015.11.1/output/host/usr/bin/arm-buildroot-linux-uclibcgnueabi-cpp  conftest.c
conftest.c:11:28: fatal error: ac_nonexistent.h: No such file or directory
 #include <ac_nonexistent.h>
                            ^
compilation terminated.
configure:3350: $? = 1
configure: failed program was:
| /* confdefs.h.  */
| 
| #define PACKAGE_NAME "libieee1284"
| #define PACKAGE_TARNAME "libieee1284"
| #define PACKAGE_VERSION "0.2.11"
| #define PACKAGE_STRING "libieee1284 0.2.11"
| #define PACKAGE_BUGREPORT ""
| #define PACKAGE "libieee1284"
| #define VERSION "0.2.11"
| /* end confdefs.h.  */
| #include <ac_nonexistent.h>
configure:3406: checking for a BSD-compatible install
configure:3461: result: /usr/bin/install -c
configure:3472: checking whether ln -s works
configure:3476: result: yes
configure:3483: checking whether make sets $(MAKE)
configure:3503: result: yes
configure:3590: checking build system type
configure:3608: result: x86_64-unknown-linux-gnu
configure:3616: checking host system type
configure:3630: result: i386-pc-linux-gnu
configure:3638: checking for a sed that does not truncate output
configure:3694: result: /bin/sed
configure:3697: checking for egrep
configure:3707: result: grep -E
configure:3723: checking for ld used by /home/sanjit/Documents/workArea/LINUXCNC/compiler/firmware/buildroot-2015.11.1/output/host/usr/bin/arm-buildroot-linux-uclibcgnueabi-gcc
configure:3790: result: /home/sanjit/Documents/workArea/LINUXCNC/compiler/firmware/buildroot-2015.11.1/output/host/usr/arm-buildroot-linux-uclibcgnueabi/bin/ld
configure:3799: checking if the linker (/home/sanjit/Documents/workArea/LINUXCNC/compiler/firmware/buildroot-2015.11.1/output/host/usr/arm-buildroot-linux-uclibcgnueabi/bin/ld) is GNU ld
configure:3814: result: yes
configure:3819: checking for /home/sanjit/Documents/workArea/LINUXCNC/compiler/firmware/buildroot-2015.11.1/output/host/usr/arm-buildroot-linux-uclibcgnueabi/bin/ld option to reload object files
configure:3826: result: -r
configure:3844: checking for BSD-compatible nm
configure:3893: result: nm
configure:3897: checking how to recognise dependent libraries
configure:4073: result: pass_all
configure:4306: checking for ANSI C header files
configure:4331: /home/sanjit/Documents/workArea/LINUXCNC/compiler/firmware/buildroot-2015.11.1/output/host/usr/bin/arm-buildroot-linux-uclibcgnueabi-gcc -c -g -O2  conftest.c >&5
configure:4337: $? = 0
configure:4341: test -z 
			 || test ! -s conftest.err
configure:4344: $? = 0
configure:4347: test -s conftest.o
configure:4350: $? = 0
configure:4462: result: yes
configure:4486: checking for sys/types.h
configure:4502: /home/sanjit/Documents/workArea/LINUXCNC/compiler/firmware/buildroot-2015.11.1/output/host/usr/bin/arm-buildroot-linux-uclibcgnueabi-gcc -c -g -O2  conftest.c >&5
configure:4508: $? = 0
configure:4512: test -z 
			 || test ! -s conftest.err
configure:4515: $? = 0
configure:4518: test -s conftest.o
configure:4521: $? = 0
configure:4532: result: yes
configure:4486: checking for sys/stat.h
configure:4502: /home/sanjit/Documents/workArea/LINUXCNC/compiler/firmware/buildroot-2015.11.1/output/host/usr/bin/arm-buildroot-linux-uclibcgnueabi-gcc -c -g -O2  conftest.c >&5
configure:4508: $? = 0
configure:4512: test -z 
			 || test ! -s conftest.err
configure:4515: $? = 0
configure:4518: test -s conftest.o
configure:4521: $? = 0
configure:4532: result: yes
configure:4486: checking for stdlib.h
configure:4502: /home/sanjit/Documents/workArea/LINUXCNC/compiler/firmware/buildroot-2015.11.1/output/host/usr/bin/arm-buildroot-linux-uclibcgnueabi-gcc -c -g -O2  conftest.c >&5
configure:4508: $? = 0
configure:4512: test -z 
			 || test ! -s conftest.err
configure:4515: $? = 0
configure:4518: test -s conftest.o
configure:4521: $? = 0
configure:4532: result: yes
configure:4486: checking for string.h
configure:4502: /home/sanjit/Documents/workArea/LINUXCNC/compiler/firmware/buildroot-2015.11.1/output/host/usr/bin/arm-buildroot-linux-uclibcgnueabi-gcc -c -g -O2  conftest.c >&5
configure:4508: $? = 0
configure:4512: test -z 
			 || test ! -s conftest.err
configure:4515: $? = 0
configure:4518: test -s conftest.o
configure:4521: $? = 0
configure:4532: result: yes
configure:4486: checking for memory.h
configure:4502: /home/sanjit/Documents/workArea/LINUXCNC/compiler/firmware/buildroot-2015.11.1/output/host/usr/bin/arm-buildroot-linux-uclibcgnueabi-gcc -c -g -O2  conftest.c >&5
configure:4508: $? = 0
configure:4512: test -z 
			 || test ! -s conftest.err
configure:4515: $? = 0
configure:4518: test -s conftest.o
configure:4521: $? = 0
configure:4532: result: yes
configure:4486: checking for strings.h
configure:4502: /home/sanjit/Documents/workArea/LINUXCNC/compiler/firmware/buildroot-2015.11.1/output/host/usr/bin/arm-buildroot-linux-uclibcgnueabi-gcc -c -g -O2  conftest.c >&5
configure:4508: $? = 0
configure:4512: test -z 
			 || test ! -s conftest.err
configure:4515: $? = 0
configure:4518: test -s conftest.o
configure:4521: $? = 0
configure:4532: result: yes
configure:4486: checking for inttypes.h
configure:4502: /home/sanjit/Documents/workArea/LINUXCNC/compiler/firmware/buildroot-2015.11.1/output/host/usr/bin/arm-buildroot-linux-uclibcgnueabi-gcc -c -g -O2  conftest.c >&5
configure:4508: $? = 0
configure:4512: test -z 
			 || test ! -s conftest.err
configure:4515: $? = 0
configure:4518: test -s conftest.o
configure:4521: $? = 0
configure:4532: result: yes
configure:4486: checking for stdint.h
configure:4502: /home/sanjit/Documents/workArea/LINUXCNC/compiler/firmware/buildroot-2015.11.1/output/host/usr/bin/arm-buildroot-linux-uclibcgnueabi-gcc -c -g -O2  conftest.c >&5
configure:4508: $? = 0
configure:4512: test -z 
			 || test ! -s conftest.err
configure:4515: $? = 0
configure:4518: test -s conftest.o
configure:4521: $? = 0
configure:4532: result: yes
configure:4486: checking for unistd.h
configure:4502: /home/sanjit/Documents/workArea/LINUXCNC/compiler/firmware/buildroot-2015.11.1/output/host/usr/bin/arm-buildroot-linux-uclibcgnueabi-gcc -c -g -O2  conftest.c >&5
configure:4508: $? = 0
configure:4512: test -z 
			 || test ! -s conftest.err
configure:4515: $? = 0
configure:4518: test -s conftest.o
configure:4521: $? = 0
configure:4532: result: yes
configure:4558: checking dlfcn.h usability
configure:4570: /home/sanjit/Documents/workArea/LINUXCNC/compiler/firmware/buildroot-2015.11.1/output/host/usr/bin/arm-buildroot-linux-uclibcgnueabi-gcc -c -g -O2  conftest.c >&5
configure:4576: $? = 0
configure:4580: test -z 
			 || test ! -s conftest.err
configure:4583: $? = 0
configure:4586: test -s conftest.o
configure:4589: $? = 0
configure:4599: result: yes
configure:4603: checking dlfcn.h presence
configure:4613: /home/sanjit/Documents/workArea/LINUXCNC/compiler/firmware/buildroot-2015.11.1/output/host/usr/bin/arm-buildroot-linux-uclibcgnueabi-cpp  conftest.c
configure:4619: $? = 0
configure:4639: result: yes
configure:4674: checking for dlfcn.h
configure:4681: result: yes
configure:4704: checking for i386-linux-g++
configure:4730: result: /home/sanjit/Documents/workArea/LINUXCNC/compiler/firmware/buildroot-2015.11.1/output/host/usr/bin/arm-buildroot-linux-uclibcgnueabi-g++
configure:4788: checking for C++ compiler version
configure:4791: /home/sanjit/Documents/workArea/LINUXCNC/compiler/firmware/buildroot-2015.11.1/output/host/usr/bin/arm-buildroot-linux-uclibcgnueabi-g++ --version </dev/null >&5
arm-buildroot-linux-uclibcgnueabi-g++.br_real (Buildroot 2015.11.1-gfc2ad62-dirty) 4.9.3
Copyright (C) 2015 Free Software Foundation, Inc.
This is free software; see the source for copying conditions.  There is NO
warranty; not even for MERCHANTABILITY or FITNESS FOR A PARTICULAR PURPOSE.

configure:4794: $? = 0
configure:4796: /home/sanjit/Documents/workArea/LINUXCNC/compiler/firmware/buildroot-2015.11.1/output/host/usr/bin/arm-buildroot-linux-uclibcgnueabi-g++ -v </dev/null >&5
Using built-in specs.
COLLECT_GCC=/home/sanjit/Documents/workArea/LINUXCNC/compiler/firmware/buildroot-2015.11.1/output/host/usr/bin/arm-buildroot-linux-uclibcgnueabi-g++.br_real
COLLECT_LTO_WRAPPER=/home/sanjit/Documents/workArea/LINUXCNC/compiler/firmware/buildroot-2015.11.1/output/host/usr/libexec/gcc/arm-buildroot-linux-uclibcgnueabi/4.9.3/lto-wrapper
Target: arm-buildroot-linux-uclibcgnueabi
Configured with: ./configure --prefix=/home/sanjit/Documents/workArea/LINUXCNC/compiler/firmware/buildroot-2015.11.1/output/host/usr --sysconfdir=/home/sanjit/Documents/workArea/LINUXCNC/compiler/firmware/buildroot-2015.11.1/output/host/etc --enable-static --target=arm-buildroot-linux-uclibcgnueabi --with-sysroot=/home/sanjit/Documents/workArea/LINUXCNC/compiler/firmware/buildroot-2015.11.1/output/host/usr/arm-buildroot-linux-uclibcgnueabi/sysroot --disable-__cxa_atexit --with-gnu-ld --disable-libssp --disable-multilib --with-gmp=/home/sanjit/Documents/workArea/LINUXCNC/compiler/firmware/buildroot-2015.11.1/output/host/usr --with-mpfr=/home/sanjit/Documents/workArea/LINUXCNC/compiler/firmware/buildroot-2015.11.1/output/host/usr --with-pkgversion='Buildroot 2015.11.1-gfc2ad62-dirty' --with-bugurl=http://bugs.buildroot.net/ --disable-libsanitizer --enable-tls --enable-plugins --enable-lto --disable-libmudflap --enable-threads --with-mpc=/home/sanjit/Documents/workArea/LINUXCNC/compiler/firmware/buildroot-2015.11.1/output/host/usr --without-isl --without-cloog --with-float=soft --disable-decimal-float --with-abi=aapcs-linux --with-cpu=cortex-a15 --with-float=soft --with-mode=arm --enable-languages=c,c++ --with-build-time-tools=/home/sanjit/Documents/workArea/LINUXCNC/compiler/firmware/buildroot-2015.11.1/output/host/usr/arm-buildroot-linux-uclibcgnueabi/bin --enable-shared --disable-libgomp
Thread model: posix
gcc version 4.9.3 (Buildroot 2015.11.1-gfc2ad62-dirty) 
configure:4799: $? = 0
configure:4801: /home/sanjit/Documents/workArea/LINUXCNC/compiler/firmware/buildroot-2015.11.1/output/host/usr/bin/arm-buildroot-linux-uclibcgnueabi-g++ -V </dev/null >&5
arm-buildroot-linux-uclibcgnueabi-g++.br_real: error: unrecognized command line option '-V'
arm-buildroot-linux-uclibcgnueabi-g++.br_real: fatal error: no input files
compilation terminated.
configure:4804: $? = 1
configure:4807: checking whether we are using the GNU C++ compiler
configure:4831: /home/sanjit/Documents/workArea/LINUXCNC/compiler/firmware/buildroot-2015.11.1/output/host/usr/bin/arm-buildroot-linux-uclibcgnueabi-g++ -c   conftest.cc >&5
configure:4837: $? = 0
configure:4841: test -z 
			 || test ! -s conftest.err
configure:4844: $? = 0
configure:4847: test -s conftest.o
configure:4850: $? = 0
configure:4863: result: yes
configure:4869: checking whether /home/sanjit/Documents/workArea/LINUXCNC/compiler/firmware/buildroot-2015.11.1/output/host/usr/bin/arm-buildroot-linux-uclibcgnueabi-g++ accepts -g
configure:4890: /home/sanjit/Documents/workArea/LINUXCNC/compiler/firmware/buildroot-2015.11.1/output/host/usr/bin/arm-buildroot-linux-uclibcgnueabi-g++ -c -g  conftest.cc >&5
configure:4896: $? = 0
configure:4900: test -z 
			 || test ! -s conftest.err
configure:4903: $? = 0
configure:4906: test -s conftest.o
configure:4909: $? = 0
configure:4920: result: yes
configure:4962: /home/sanjit/Documents/workArea/LINUXCNC/compiler/firmware/buildroot-2015.11.1/output/host/usr/bin/arm-buildroot-linux-uclibcgnueabi-g++ -c -g -O2  conftest.cc >&5
configure:4968: $? = 0
configure:4972: test -z 
			 || test ! -s conftest.err
configure:4975: $? = 0
configure:4978: test -s conftest.o
configure:4981: $? = 0
configure:5007: /home/sanjit/Documents/workArea/LINUXCNC/compiler/firmware/buildroot-2015.11.1/output/host/usr/bin/arm-buildroot-linux-uclibcgnueabi-g++ -c -g -O2  conftest.cc >&5
conftest.cc: In function 'int main()':
conftest.cc:26:9: error: 'exit' was not declared in this scope
 exit (42);
         ^
configure:5013: $? = 1
configure: failed program was:
| /* confdefs.h.  */
| 
| #define PACKAGE_NAME "libieee1284"
| #define PACKAGE_TARNAME "libieee1284"
| #define PACKAGE_VERSION "0.2.11"
| #define PACKAGE_STRING "libieee1284 0.2.11"
| #define PACKAGE_BUGREPORT ""
| #define PACKAGE "libieee1284"
| #define VERSION "0.2.11"
| #define STDC_HEADERS 1
| #define HAVE_SYS_TYPES_H 1
| #define HAVE_SYS_STAT_H 1
| #define HAVE_STDLIB_H 1
| #define HAVE_STRING_H 1
| #define HAVE_MEMORY_H 1
| #define HAVE_STRINGS_H 1
| #define HAVE_INTTYPES_H 1
| #define HAVE_STDINT_H 1
| #define HAVE_UNISTD_H 1
| #define HAVE_DLFCN_H 1
| /* end confdefs.h.  */
| 
| int
| main ()
| {
| exit (42);
|   ;
|   return 0;
| }
configure:4962: /home/sanjit/Documents/workArea/LINUXCNC/compiler/firmware/buildroot-2015.11.1/output/host/usr/bin/arm-buildroot-linux-uclibcgnueabi-g++ -c -g -O2  conftest.cc >&5
conftest.cc:22:40: error: 'void std::exit(int)' should have been declared inside 'std'
 extern "C" void std::exit (int) throw (); using std::exit;
                                        ^
configure:4968: $? = 1
configure: failed program was:
| /* confdefs.h.  */
| 
| #define PACKAGE_NAME "libieee1284"
| #define PACKAGE_TARNAME "libieee1284"
| #define PACKAGE_VERSION "0.2.11"
| #define PACKAGE_STRING "libieee1284 0.2.11"
| #define PACKAGE_BUGREPORT ""
| #define PACKAGE "libieee1284"
| #define VERSION "0.2.11"
| #define STDC_HEADERS 1
| #define HAVE_SYS_TYPES_H 1
| #define HAVE_SYS_STAT_H 1
| #define HAVE_STDLIB_H 1
| #define HAVE_STRING_H 1
| #define HAVE_MEMORY_H 1
| #define HAVE_STRINGS_H 1
| #define HAVE_INTTYPES_H 1
| #define HAVE_STDINT_H 1
| #define HAVE_UNISTD_H 1
| #define HAVE_DLFCN_H 1
| /* end confdefs.h.  */
| extern "C" void std::exit (int) throw (); using std::exit;
| #include <stdlib.h>
| int
| main ()
| {
| exit (42);
|   ;
|   return 0;
| }
configure:4962: /home/sanjit/Documents/workArea/LINUXCNC/compiler/firmware/buildroot-2015.11.1/output/host/usr/bin/arm-buildroot-linux-uclibcgnueabi-g++ -c -g -O2  conftest.cc >&5
conftest.cc:22:31: error: 'void std::exit(int)' should have been declared inside 'std'
 extern "C" void std::exit (int); using std::exit;
                               ^
In file included from conftest.cc:23:0:
/home/sanjit/Documents/workArea/LINUXCNC/compiler/firmware/buildroot-2015.11.1/output/host/usr/arm-buildroot-linux-uclibcgnueabi/sysroot/usr/include/stdlib.h:517:71: error: declaration of 'void std::exit(int) throw ()' has a different exception specifier
 extern void exit (int __status) __THROW __attribute__ ((__noreturn__));
                                                                       ^
conftest.cc:22:17: error: from previous declaration 'void std::exit(int)'
 extern "C" void std::exit (int); using std::exit;
                 ^
configure:4968: $? = 1
configure: failed program was:
| /* confdefs.h.  */
| 
| #define PACKAGE_NAME "libieee1284"
| #define PACKAGE_TARNAME "libieee1284"
| #define PACKAGE_VERSION "0.2.11"
| #define PACKAGE_STRING "libieee1284 0.2.11"
| #define PACKAGE_BUGREPORT ""
| #define PACKAGE "libieee1284"
| #define VERSION "0.2.11"
| #define STDC_HEADERS 1
| #define HAVE_SYS_TYPES_H 1
| #define HAVE_SYS_STAT_H 1
| #define HAVE_STDLIB_H 1
| #define HAVE_STRING_H 1
| #define HAVE_MEMORY_H 1
| #define HAVE_STRINGS_H 1
| #define HAVE_INTTYPES_H 1
| #define HAVE_STDINT_H 1
| #define HAVE_UNISTD_H 1
| #define HAVE_DLFCN_H 1
| /* end confdefs.h.  */
| extern "C" void std::exit (int); using std::exit;
| #include <stdlib.h>
| int
| main ()
| {
| exit (42);
|   ;
|   return 0;
| }
configure:4962: /home/sanjit/Documents/workArea/LINUXCNC/compiler/firmware/buildroot-2015.11.1/output/host/usr/bin/arm-buildroot-linux-uclibcgnueabi-g++ -c -g -O2  conftest.cc >&5
configure:4968: $? = 0
configure:4972: test -z 
			 || test ! -s conftest.err
configure:4975: $? = 0
configure:4978: test -s conftest.o
configure:4981: $? = 0
configure:5007: /home/sanjit/Documents/workArea/LINUXCNC/compiler/firmware/buildroot-2015.11.1/output/host/usr/bin/arm-buildroot-linux-uclibcgnueabi-g++ -c -g -O2  conftest.cc >&5
configure:5013: $? = 0
configure:5017: test -z 
			 || test ! -s conftest.err
configure:5020: $? = 0
configure:5023: test -s conftest.o
configure:5026: $? = 0
configure:5051: checking dependency style of /home/sanjit/Documents/workArea/LINUXCNC/compiler/firmware/buildroot-2015.11.1/output/host/usr/bin/arm-buildroot-linux-uclibcgnueabi-g++
configure:5141: result: gcc3
configure:5168: checking how to run the C++ preprocessor
configure:5199: /home/sanjit/Documents/workArea/LINUXCNC/compiler/firmware/buildroot-2015.11.1/output/host/usr/bin/arm-buildroot-linux-uclibcgnueabi-g++ -E  conftest.cc
configure:5205: $? = 0
configure:5237: /home/sanjit/Documents/workArea/LINUXCNC/compiler/firmware/buildroot-2015.11.1/output/host/usr/bin/arm-buildroot-linux-uclibcgnueabi-g++ -E  conftest.cc
conftest.cc:25:28: fatal error: ac_nonexistent.h: No such file or directory
 #include <ac_nonexistent.h>
                            ^
compilation terminated.
configure:5243: $? = 1
configure: failed program was:
| /* confdefs.h.  */
| 
| #define PACKAGE_NAME "libieee1284"
| #define PACKAGE_TARNAME "libieee1284"
| #define PACKAGE_VERSION "0.2.11"
| #define PACKAGE_STRING "libieee1284 0.2.11"
| #define PACKAGE_BUGREPORT ""
| #define PACKAGE "libieee1284"
| #define VERSION "0.2.11"
| #define STDC_HEADERS 1
| #define HAVE_SYS_TYPES_H 1
| #define HAVE_SYS_STAT_H 1
| #define HAVE_STDLIB_H 1
| #define HAVE_STRING_H 1
| #define HAVE_MEMORY_H 1
| #define HAVE_STRINGS_H 1
| #define HAVE_INTTYPES_H 1
| #define HAVE_STDINT_H 1
| #define HAVE_UNISTD_H 1
| #define HAVE_DLFCN_H 1
| #ifdef __cplusplus
| extern "C" void exit (int) throw ();
| #endif
| /* end confdefs.h.  */
| #include <ac_nonexistent.h>
configure:5282: result: /home/sanjit/Documents/workArea/LINUXCNC/compiler/firmware/buildroot-2015.11.1/output/host/usr/bin/arm-buildroot-linux-uclibcgnueabi-g++ -E
configure:5306: /home/sanjit/Documents/workArea/LINUXCNC/compiler/firmware/buildroot-2015.11.1/output/host/usr/bin/arm-buildroot-linux-uclibcgnueabi-g++ -E  conftest.cc
configure:5312: $? = 0
configure:5344: /home/sanjit/Documents/workArea/LINUXCNC/compiler/firmware/buildroot-2015.11.1/output/host/usr/bin/arm-buildroot-linux-uclibcgnueabi-g++ -E  conftest.cc
conftest.cc:25:28: fatal error: ac_nonexistent.h: No such file or directory
 #include <ac_nonexistent.h>
                            ^
compilation terminated.
configure:5350: $? = 1
configure: failed program was:
| /* confdefs.h.  */
| 
| #define PACKAGE_NAME "libieee1284"
| #define PACKAGE_TARNAME "libieee1284"
| #define PACKAGE_VERSION "0.2.11"
| #define PACKAGE_STRING "libieee1284 0.2.11"
| #define PACKAGE_BUGREPORT ""
| #define PACKAGE "libieee1284"
| #define VERSION "0.2.11"
| #define STDC_HEADERS 1
| #define HAVE_SYS_TYPES_H 1
| #define HAVE_SYS_STAT_H 1
| #define HAVE_STDLIB_H 1
| #define HAVE_STRING_H 1
| #define HAVE_MEMORY_H 1
| #define HAVE_STRINGS_H 1
| #define HAVE_INTTYPES_H 1
| #define HAVE_STDINT_H 1
| #define HAVE_UNISTD_H 1
| #define HAVE_DLFCN_H 1
| #ifdef __cplusplus
| extern "C" void exit (int) throw ();
| #endif
| /* end confdefs.h.  */
| #include <ac_nonexistent.h>
configure:5405: checking for i386-linux-g77
configure:5434: result: no
configure:5405: checking for i386-linux-f77
configure:5434: result: no
configure:5405: checking for i386-linux-xlf
configure:5434: result: no
configure:5405: checking for i386-linux-frt
configure:5434: result: no
configure:5405: checking for i386-linux-pgf77
configure:5434: result: no
configure:5405: checking for i386-linux-fort77
configure:5434: result: no
configure:5405: checking for i386-linux-fl32
configure:5434: result: no
configure:5405: checking for i386-linux-af77
configure:5434: result: no
configure:5405: checking for i386-linux-f90
configure:5434: result: no
configure:5405: checking for i386-linux-xlf90
configure:5434: result: no
configure:5405: checking for i386-linux-pgf90
configure:5434: result: no
configure:5405: checking for i386-linux-epcf90
configure:5434: result: no
configure:5405: checking for i386-linux-f95
configure:5434: result: no
configure:5405: checking for i386-linux-fort
configure:5434: result: no
configure:5405: checking for i386-linux-xlf95
configure:5434: result: no
configure:5405: checking for i386-linux-ifc
configure:5434: result: no
configure:5405: checking for i386-linux-efc
configure:5434: result: no
configure:5405: checking for i386-linux-pgf95
configure:5434: result: no
configure:5405: checking for i386-linux-lf95
configure:5434: result: no
configure:5405: checking for i386-linux-gfortran
configure:5434: result: no
configure:5447: checking for g77
configure:5476: result: no
configure:5447: checking for f77
configure:5476: result: no
configure:5447: checking for xlf
configure:5476: result: no
configure:5447: checking for frt
configure:5476: result: no
configure:5447: checking for pgf77
configure:5476: result: no
configure:5447: checking for fort77
configure:5476: result: no
configure:5447: checking for fl32
configure:5476: result: no
configure:5447: checking for af77
configure:5476: result: no
configure:5447: checking for f90
configure:5476: result: no
configure:5447: checking for xlf90
configure:5476: result: no
configure:5447: checking for pgf90
configure:5476: result: no
configure:5447: checking for epcf90
configure:5476: result: no
configure:5447: checking for f95
configure:5476: result: no
configure:5447: checking for fort
configure:5476: result: no
configure:5447: checking for xlf95
configure:5476: result: no
configure:5447: checking for ifc
configure:5476: result: no
configure:5447: checking for efc
configure:5476: result: no
configure:5447: checking for pgf95
configure:5476: result: no
configure:5447: checking for lf95
configure:5476: result: no
configure:5447: checking for gfortran
configure:5476: result: no
configure:5488: checking for Fortran 77 compiler version
configure:5491:  --version </dev/null >&5
./configure: line 5492: --version: command not found
configure:5494: $? = 127
configure:5496:  -v </dev/null >&5
./configure: line 5497: -v: command not found
configure:5499: $? = 127
configure:5501:  -V </dev/null >&5
./configure: line 5502: -V: command not found
configure:5504: $? = 127
configure:5512: checking whether we are using the GNU Fortran 77 compiler
configure:5526:  -c  conftest.F >&5
./configure: line 5527: -c: command not found
configure:5532: $? = 127
configure: failed program was:
|       program main
| #ifndef __GNUC__
|        choke me
| #endif
| 
|       end
configure:5558: result: no
configure:5564: checking whether  accepts -g
configure:5576:  -c -g conftest.f >&5
./configure: line 5577: -c: command not found
configure:5582: $? = 127
configure: failed program was:
|       program main
| 
|       end
configure:5607: result: no
configure:5637: checking the maximum length of command line arguments
configure:5746: result: 32768
configure:5757: checking command to parse nm output from /home/sanjit/Documents/workArea/LINUXCNC/compiler/firmware/buildroot-2015.11.1/output/host/usr/bin/arm-buildroot-linux-uclibcgnueabi-gcc object
configure:5862: /home/sanjit/Documents/workArea/LINUXCNC/compiler/firmware/buildroot-2015.11.1/output/host/usr/bin/arm-buildroot-linux-uclibcgnueabi-gcc -c -g -O2  conftest.c >&5
configure:5865: $? = 0
configure:5869: nm conftest.o \| sed -n -e 's/^.*[ 	]\([ABCDGIRSTW][ABCDGIRSTW]*\)[ 	][ 	]*\([_A-Za-z][_A-Za-z0-9]*\)$/\1 \2 \2/p' \> conftest.nm
configure:5872: $? = 0
configure:5924: /home/sanjit/Documents/workArea/LINUXCNC/compiler/firmware/buildroot-2015.11.1/output/host/usr/bin/arm-buildroot-linux-uclibcgnueabi-gcc -o conftest -g -O2   conftest.c conftstm.o >&5
configure:5927: $? = 0
configure:5965: result: ok
configure:5969: checking for objdir
configure:5984: result: .libs
configure:6036: checking for i386-linux-ar
configure:6065: result: no
configure:6074: checking for ar
configure:6090: found /usr/bin/ar
configure:6101: result: ar
configure:6116: checking for i386-linux-ranlib
configure:6145: result: no
configure:6154: checking for ranlib
configure:6170: found /usr/bin/ranlib
configure:6181: result: ranlib
configure:6196: checking for i386-linux-strip
configure:6222: result: strip
configure:6533: checking if /home/sanjit/Documents/workArea/LINUXCNC/compiler/firmware/buildroot-2015.11.1/output/host/usr/bin/arm-buildroot-linux-uclibcgnueabi-gcc supports -fno-rtti -fno-exceptions
configure:6551: /home/sanjit/Documents/workArea/LINUXCNC/compiler/firmware/buildroot-2015.11.1/output/host/usr/bin/arm-buildroot-linux-uclibcgnueabi-gcc -c -g -O2  -fno-rtti -fno-exceptions conftest.c >&5
cc1: warning: command line option '-fno-rtti' is valid for C++/ObjC++ but not for C
cc1: warning: command line option '-fno-rtti' is valid for C++/ObjC++ but not for C
configure:6555: $? = 0
configure:6568: result: no
configure:6583: checking for /home/sanjit/Documents/workArea/LINUXCNC/compiler/firmware/buildroot-2015.11.1/output/host/usr/bin/arm-buildroot-linux-uclibcgnueabi-gcc option to produce PIC
configure:6793: result: -fPIC
configure:6801: checking if /home/sanjit/Documents/workArea/LINUXCNC/compiler/firmware/buildroot-2015.11.1/output/host/usr/bin/arm-buildroot-linux-uclibcgnueabi-gcc PIC flag -fPIC works
configure:6819: /home/sanjit/Documents/workArea/LINUXCNC/compiler/firmware/buildroot-2015.11.1/output/host/usr/bin/arm-buildroot-linux-uclibcgnueabi-gcc -c -g -O2  -fPIC -DPIC conftest.c >&5
configure:6823: $? = 0
configure:6836: result: yes
configure:6864: checking if /home/sanjit/Documents/workArea/LINUXCNC/compiler/firmware/buildroot-2015.11.1/output/host/usr/bin/arm-buildroot-linux-uclibcgnueabi-gcc static flag -static works
configure:6892: result: yes
configure:6902: checking if /home/sanjit/Documents/workArea/LINUXCNC/compiler/firmware/buildroot-2015.11.1/output/host/usr/bin/arm-buildroot-linux-uclibcgnueabi-gcc supports -c -o file.o
configure:6923: /home/sanjit/Documents/workArea/LINUXCNC/compiler/firmware/buildroot-2015.11.1/output/host/usr/bin/arm-buildroot-linux-uclibcgnueabi-gcc -c -g -O2  -o out/conftest2.o conftest.c >&5
configure:6927: $? = 0
configure:6949: result: yes
configure:6975: checking whether the /home/sanjit/Documents/workArea/LINUXCNC/compiler/firmware/buildroot-2015.11.1/output/host/usr/bin/arm-buildroot-linux-uclibcgnueabi-gcc linker (/home/sanjit/Documents/workArea/LINUXCNC/compiler/firmware/buildroot-2015.11.1/output/host/usr/arm-buildroot-linux-uclibcgnueabi/bin/ld) supports shared libraries
configure:7933: result: yes
configure:7954: checking whether -lc should be explicitly linked in
configure:7959: /home/sanjit/Documents/workArea/LINUXCNC/compiler/firmware/buildroot-2015.11.1/output/host/usr/bin/arm-buildroot-linux-uclibcgnueabi-gcc -c -g -O2  conftest.c >&5
configure:7962: $? = 0
configure:7977: /home/sanjit/Documents/workArea/LINUXCNC/compiler/firmware/buildroot-2015.11.1/output/host/usr/bin/arm-buildroot-linux-uclibcgnueabi-gcc -shared conftest.o  -v -Wl,-soname -Wl,conftest -o conftest 2\>\&1 \| grep  -lc  \>/dev/null 2\>\&1
configure:7980: $? = 0
configure:7992: result: no
configure:8000: checking dynamic linker characteristics
configure:8609: result: GNU/Linux ld.so
configure:8618: checking how to hardcode library paths into programs
configure:8643: result: immediate
configure:8657: checking whether stripping libraries is possible
configure:8662: result: yes
configure:9496: checking if libtool supports shared libraries
configure:9498: result: yes
configure:9501: checking whether to build shared libraries
configure:9522: result: yes
configure:9525: checking whether to build static libraries
configure:9529: result: yes
configure:9621: creating libtool
configure:10212: checking for ld used by /home/sanjit/Documents/workArea/LINUXCNC/compiler/firmware/buildroot-2015.11.1/output/host/usr/bin/arm-buildroot-linux-uclibcgnueabi-g++
configure:10279: result: /home/sanjit/Documents/workArea/LINUXCNC/compiler/firmware/buildroot-2015.11.1/output/host/usr/arm-buildroot-linux-uclibcgnueabi/bin/ld
configure:10288: checking if the linker (/home/sanjit/Documents/workArea/LINUXCNC/compiler/firmware/buildroot-2015.11.1/output/host/usr/arm-buildroot-linux-uclibcgnueabi/bin/ld) is GNU ld
configure:10303: result: yes
configure:10354: checking whether the /home/sanjit/Documents/workArea/LINUXCNC/compiler/firmware/buildroot-2015.11.1/output/host/usr/bin/arm-buildroot-linux-uclibcgnueabi-g++ linker (/home/sanjit/Documents/workArea/LINUXCNC/compiler/firmware/buildroot-2015.11.1/output/host/usr/arm-buildroot-linux-uclibcgnueabi/bin/ld) supports shared libraries
configure:11292: result: yes
configure:11310: /home/sanjit/Documents/workArea/LINUXCNC/compiler/firmware/buildroot-2015.11.1/output/host/usr/bin/arm-buildroot-linux-uclibcgnueabi-g++ -c -g -O2  conftest.cpp >&5
configure:11313: $? = 0
configure:11432: checking for /home/sanjit/Documents/workArea/LINUXCNC/compiler/firmware/buildroot-2015.11.1/output/host/usr/bin/arm-buildroot-linux-uclibcgnueabi-g++ option to produce PIC
configure:11706: result: -fPIC
configure:11714: checking if /home/sanjit/Documents/workArea/LINUXCNC/compiler/firmware/buildroot-2015.11.1/output/host/usr/bin/arm-buildroot-linux-uclibcgnueabi-g++ PIC flag -fPIC works
configure:11732: /home/sanjit/Documents/workArea/LINUXCNC/compiler/firmware/buildroot-2015.11.1/output/host/usr/bin/arm-buildroot-linux-uclibcgnueabi-g++ -c -g -O2  -fPIC -DPIC conftest.cpp >&5
configure:11736: $? = 0
configure:11749: result: yes
configure:11777: checking if /home/sanjit/Documents/workArea/LINUXCNC/compiler/firmware/buildroot-2015.11.1/output/host/usr/bin/arm-buildroot-linux-uclibcgnueabi-g++ static flag -static works
configure:11805: result: yes
configure:11815: checking if /home/sanjit/Documents/workArea/LINUXCNC/compiler/firmware/buildroot-2015.11.1/output/host/usr/bin/arm-buildroot-linux-uclibcgnueabi-g++ supports -c -o file.o
configure:11836: /home/sanjit/Documents/workArea/LINUXCNC/compiler/firmware/buildroot-2015.11.1/output/host/usr/bin/arm-buildroot-linux-uclibcgnueabi-g++ -c -g -O2  -o out/conftest2.o conftest.cpp >&5
configure:11840: $? = 0
configure:11862: result: yes
configure:11888: checking whether the /home/sanjit/Documents/workArea/LINUXCNC/compiler/firmware/buildroot-2015.11.1/output/host/usr/bin/arm-buildroot-linux-uclibcgnueabi-g++ linker (/home/sanjit/Documents/workArea/LINUXCNC/compiler/firmware/buildroot-2015.11.1/output/host/usr/arm-buildroot-linux-uclibcgnueabi/bin/ld) supports shared libraries
configure:11913: result: yes
configure:11980: checking dynamic linker characteristics
configure:12589: result: GNU/Linux ld.so
configure:12598: checking how to hardcode library paths into programs
configure:12623: result: immediate
configure:18844: checking sys/io.h usability
configure:18856: /home/sanjit/Documents/workArea/LINUXCNC/compiler/firmware/buildroot-2015.11.1/output/host/usr/bin/arm-buildroot-linux-uclibcgnueabi-gcc -c -g -O2  conftest.c >&5
configure:18862: $? = 0
configure:18866: test -z 
			 || test ! -s conftest.err
configure:18869: $? = 0
configure:18872: test -s conftest.o
configure:18875: $? = 0
configure:18885: result: yes
configure:18889: checking sys/io.h presence
configure:18899: /home/sanjit/Documents/workArea/LINUXCNC/compiler/firmware/buildroot-2015.11.1/output/host/usr/bin/arm-buildroot-linux-uclibcgnueabi-cpp  conftest.c
configure:18905: $? = 0
configure:18925: result: yes
configure:18960: checking for sys/io.h
configure:18967: result: yes
configure:19211: checking whether to build python bindings
configure:19218: result: NO
configure:19499: creating ./config.status

## ---------------------- ##
## Running config.status. ##
## ---------------------- ##

This file was extended by libieee1284 config.status 0.2.11, which was
generated by GNU Autoconf 2.59.  Invocation command line was

  CONFIG_FILES    = 
  CONFIG_HEADERS  = 
  CONFIG_LINKS    = 
  CONFIG_COMMANDS = 
  $ ./config.status 

on lost

config.status:729: creating Makefile
config.status:729: creating libieee1284.spec
config.status:833: creating include/config.h
config.status:945: include/config.h is unchanged
config.status:1125: executing depfiles commands

## ---------------- ##
## Cache variables. ##
## ---------------- ##

ac_cv_build=x86_64-unknown-linux-gnu
ac_cv_build_alias=x86_64-unknown-linux-gnu
ac_cv_c_compiler_gnu=yes
ac_cv_cxx_compiler_gnu=yes
ac_cv_env_CC_set=set
ac_cv_env_CC_value=/home/sanjit/Documents/workArea/LINUXCNC/compiler/firmware/buildroot-2015.11.1/output/host/usr/bin/arm-buildroot-linux-uclibcgnueabi-gcc
ac_cv_env_CFLAGS_set=
ac_cv_env_CFLAGS_value=
ac_cv_env_CPPFLAGS_set=
ac_cv_env_CPPFLAGS_value=
ac_cv_env_CPP_set=set
ac_cv_env_CPP_value=/home/sanjit/Documents/workArea/LINUXCNC/compiler/firmware/buildroot-2015.11.1/output/host/usr/bin/arm-buildroot-linux-uclibcgnueabi-cpp
ac_cv_env_CXXCPP_set=
ac_cv_env_CXXCPP_value=
ac_cv_env_CXXFLAGS_set=
ac_cv_env_CXXFLAGS_value=
ac_cv_env_CXX_set=set
ac_cv_env_CXX_value=/home/sanjit/Documents/workArea/LINUXCNC/compiler/firmware/buildroot-2015.11.1/output/host/usr/bin/arm-buildroot-linux-uclibcgnueabi-g++
ac_cv_env_F77_set=
ac_cv_env_F77_value=
ac_cv_env_FFLAGS_set=
ac_cv_env_FFLAGS_value=
ac_cv_env_LDFLAGS_set=
ac_cv_env_LDFLAGS_value=
ac_cv_env_build_alias_set=
ac_cv_env_build_alias_value=
ac_cv_env_host_alias_set=set
ac_cv_env_host_alias_value=i386-linux
ac_cv_env_target_alias_set=set
ac_cv_env_target_alias_value=arm
ac_cv_exeext=
ac_cv_f77_compiler_gnu=no
ac_cv_header_dlfcn_h=yes
ac_cv_header_inttypes_h=yes
ac_cv_header_memory_h=yes
ac_cv_header_stdc=yes
ac_cv_header_stdint_h=yes
ac_cv_header_stdlib_h=yes
ac_cv_header_string_h=yes
ac_cv_header_strings_h=yes
ac_cv_header_sys_io_h=yes
ac_cv_header_sys_stat_h=yes
ac_cv_header_sys_types_h=yes
ac_cv_header_unistd_h=yes
ac_cv_host=i386-pc-linux-gnu
ac_cv_host_alias=i386-linux
ac_cv_objext=o
ac_cv_path_install='/usr/bin/install -c'
ac_cv_prog_AWK=mawk
ac_cv_prog_CC=/home/sanjit/Documents/workArea/LINUXCNC/compiler/firmware/buildroot-2015.11.1/output/host/usr/bin/arm-buildroot-linux-uclibcgnueabi-gcc
ac_cv_prog_CPP=/home/sanjit/Documents/workArea/LINUXCNC/compiler/firmware/buildroot-2015.11.1/output/host/usr/bin/arm-buildroot-linux-uclibcgnueabi-cpp
ac_cv_prog_CXX=/home/sanjit/Documents/workArea/LINUXCNC/compiler/firmware/buildroot-2015.11.1/output/host/usr/bin/arm-buildroot-linux-uclibcgnueabi-g++
ac_cv_prog_CXXCPP='/home/sanjit/Documents/workArea/LINUXCNC/compiler/firmware/buildroot-2015.11.1/output/host/usr/bin/arm-buildroot-linux-uclibcgnueabi-g++ -E'
ac_cv_prog_STRIP=strip
ac_cv_prog_ac_ct_AR=ar
ac_cv_prog_ac_ct_RANLIB=ranlib
ac_cv_prog_ac_ct_STRIP=strip
ac_cv_prog_cc__home_sanjit_Documents_workArea_LINUXCNC_compiler_firmware_buildroot_2015_11_1_output_host_usr_bin_arm_buildroot_linux_uclibcgnueabi_gcc_c_o=yes
ac_cv_prog_cc_g=yes
ac_cv_prog_cc_stdc=
ac_cv_prog_cxx_g=yes
ac_cv_prog_egrep='grep -E'
ac_cv_prog_f77_g=no
ac_cv_prog_make_make_set=yes
ac_cv_use_python=NO
am_cv_CC_dependencies_compiler_type=gcc3
am_cv_CXX_dependencies_compiler_type=gcc3
lt_cv_deplibs_check_method=pass_all
lt_cv_file_magic_cmd='$MAGIC_CMD'
lt_cv_file_magic_test_file=
lt_cv_ld_reload_flag=-r
lt_cv_objdir=.libs
lt_cv_path_LD=/home/sanjit/Documents/workArea/LINUXCNC/compiler/firmware/buildroot-2015.11.1/output/host/usr/arm-buildroot-linux-uclibcgnueabi/bin/ld
lt_cv_path_LDCXX=/home/sanjit/Documents/workArea/LINUXCNC/compiler/firmware/buildroot-2015.11.1/output/host/usr/arm-buildroot-linux-uclibcgnueabi/bin/ld
lt_cv_path_NM=nm
lt_cv_path_SED=/bin/sed
lt_cv_prog_compiler_c_o=yes
lt_cv_prog_compiler_c_o_CXX=yes
lt_cv_prog_compiler_rtti_exceptions=no
lt_cv_prog_gnu_ld=yes
lt_cv_prog_gnu_ldcxx=yes
lt_cv_sys_global_symbol_pipe='sed -n -e '\''s/^.*[ 	]\([ABCDGIRSTW][ABCDGIRSTW]*\)[ 	][ 	]*\([_A-Za-z][_A-Za-z0-9]*\)$/\1 \2 \2/p'\'''
lt_cv_sys_global_symbol_to_c_name_address='sed -n -e '\''s/^: \([^ ]*\) $/  {\"\1\", (lt_ptr) 0},/p'\'' -e '\''s/^[BCDEGRST] \([^ ]*\) \([^ ]*\)$/  {"\2", (lt_ptr) \&\2},/p'\'''
lt_cv_sys_global_symbol_to_cdecl='sed -n -e '\''s/^. .* \(.*\)$/extern int \1;/p'\'''
lt_cv_sys_max_cmd_len=32768
lt_lt_cv_prog_compiler_c_o='"yes"'
lt_lt_cv_prog_compiler_c_o_CXX='"yes"'
lt_lt_cv_sys_global_symbol_pipe='"sed -n -e '\''s/^.*[ 	]\\([ABCDGIRSTW][ABCDGIRSTW]*\\)[ 	][ 	]*\\([_A-Za-z][_A-Za-z0-9]*\\)\$/\\1 \\2 \\2/p'\''"'
lt_lt_cv_sys_global_symbol_to_c_name_address='"sed -n -e '\''s/^: \\([^ ]*\\) \$/  {\\\"\\1\\\", (lt_ptr) 0},/p'\'' -e '\''s/^[BCDEGRST] \\([^ ]*\\) \\([^ ]*\\)\$/  {\"\\2\", (lt_ptr) \\&\\2},/p'\''"'
lt_lt_cv_sys_global_symbol_to_cdecl='"sed -n -e '\''s/^. .* \\(.*\\)\$/extern int \\1;/p'\''"'

## ----------------- ##
## Output variables. ##
## ----------------- ##

ACLOCAL='${SHELL} /home/lost/Desktop/libieee1284-0.2.11/missing --run aclocal-1.9'
AMDEPBACKSLASH='\'
AMDEP_FALSE='#'
AMDEP_TRUE=''
AMTAR='${SHELL} /home/lost/Desktop/libieee1284-0.2.11/missing --run tar'
AR='ar'
AUTOCONF='${SHELL} /home/lost/Desktop/libieee1284-0.2.11/missing --run autoconf'
AUTOHEADER='${SHELL} /home/lost/Desktop/libieee1284-0.2.11/missing --run autoheader'
AUTOMAKE='${SHELL} /home/lost/Desktop/libieee1284-0.2.11/missing --run automake-1.9'
AWK='mawk'
CC='/home/sanjit/Documents/workArea/LINUXCNC/compiler/firmware/buildroot-2015.11.1/output/host/usr/bin/arm-buildroot-linux-uclibcgnueabi-gcc'
CCDEPMODE='depmode=gcc3'
CFLAGS='-g -O2'
CPP='/home/sanjit/Documents/workArea/LINUXCNC/compiler/firmware/buildroot-2015.11.1/output/host/usr/bin/arm-buildroot-linux-uclibcgnueabi-cpp'
CPPFLAGS=''
CXX='/home/sanjit/Documents/workArea/LINUXCNC/compiler/firmware/buildroot-2015.11.1/output/host/usr/bin/arm-buildroot-linux-uclibcgnueabi-g++'
CXXCPP='/home/sanjit/Documents/workArea/LINUXCNC/compiler/firmware/buildroot-2015.11.1/output/host/usr/bin/arm-buildroot-linux-uclibcgnueabi-g++ -E'
CXXDEPMODE='depmode=gcc3'
CXXFLAGS='-g -O2'
CYGPATH_W='echo'
DEFS='-DHAVE_CONFIG_H'
DEPDIR='.deps'
ECHO='echo'
ECHO_C=''
ECHO_N='-n'
ECHO_T=''
EGREP='grep -E'
EXEEXT=''
F77=''
FFLAGS=''
INSTALL_DATA='${INSTALL} -m 644'
INSTALL_PROGRAM='${INSTALL}'
INSTALL_SCRIPT='${INSTALL}'
INSTALL_STRIP_PROGRAM='${SHELL} $(install_sh) -c -s'
LDFLAGS=''
LIBOBJS=''
LIBS=''
LIBTOOL='$(SHELL) $(top_builddir)/libtool'
LN_S='ln -s'
LTLIBOBJS=''
MAKEINFO='${SHELL} /home/lost/Desktop/libieee1284-0.2.11/missing --run makeinfo'
OBJEXT='o'
PACKAGE='libieee1284'
PACKAGE_BUGREPORT=''
PACKAGE_NAME='libieee1284'
PACKAGE_STRING='libieee1284 0.2.11'
PACKAGE_TARNAME='libieee1284'
PACKAGE_VERSION='0.2.11'
PATH_SEPARATOR=':'
PYTHON=''
PYTHON_EXEC_PREFIX=''
PYTHON_FALSE=''
PYTHON_PLATFORM=''
PYTHON_PREFIX=''
PYTHON_TRUE='#'
PYTHON_VERSION=''
RANLIB='ranlib'
SED='/bin/sed'
SET_MAKE=''
SHELL='/bin/bash'
SOLARIS_IO_FALSE=''
SOLARIS_IO_TRUE='#'
STRIP='strip'
VERSION='0.2.11'
ac_ct_AR='ar'
ac_ct_CC=''
ac_ct_CXX=''
ac_ct_F77=''
ac_ct_RANLIB='ranlib'
ac_ct_STRIP='strip'
am__fastdepCC_FALSE='#'
am__fastdepCC_TRUE=''
am__fastdepCXX_FALSE='#'
am__fastdepCXX_TRUE=''
am__include='include'
am__leading_dot='.'
am__quote=''
am__tar='${AMTAR} chof - "$$tardir"'
am__untar='${AMTAR} xf -'
bindir='${exec_prefix}/bin'
build='x86_64-unknown-linux-gnu'
build_alias=''
build_cpu='x86_64'
build_os='linux-gnu'
build_vendor='unknown'
datadir='${prefix}/share'
exec_prefix='${prefix}'
host='i386-pc-linux-gnu'
host_alias='i386-linux'
host_cpu='i386'
host_os='linux-gnu'
host_vendor='pc'
includedir='${prefix}/include'
infodir='${prefix}/info'
install_sh='/home/lost/Desktop/libieee1284-0.2.11/install-sh'
libdir='${exec_prefix}/lib'
libexecdir='${exec_prefix}/libexec'
localstatedir='${prefix}/var'
mandir='${prefix}/man'
mkdir_p='mkdir -p --'
oldincludedir='/usr/include'
pkgpyexecdir=''
pkgpythondir=''
prefix='/home/sanjit/Documents/workArea/LINUXCNC/compiler/firmware/buildroot-2015.11.1/output/host/usr/arm-buildroot-linux-uclibcgnueabi/sysroot/usr/lib'
program_transform_name='s,x,x,'
pyexecdir=''
pythondir=''
sbindir='${exec_prefix}/sbin'
sharedstatedir='${prefix}/com'
sysconfdir='${prefix}/etc'
target_alias='arm'

## ----------- ##
## confdefs.h. ##
## ----------- ##

#define HAVE_DLFCN_H 1
#define HAVE_INTTYPES_H 1
#define HAVE_LINUX 1
#define HAVE_MEMORY_H 1
#define HAVE_STDINT_H 1
#define HAVE_STDLIB_H 1
#define HAVE_STRINGS_H 1
#define HAVE_STRING_H 1
#define HAVE_SYS_IO_H 1
#define HAVE_SYS_STAT_H 1
#define HAVE_SYS_TYPES_H 1
#define HAVE_UNISTD_H 1
#define PACKAGE "libieee1284"
#define PACKAGE_BUGREPORT ""
#define PACKAGE_NAME "libieee1284"
#define PACKAGE_STRING "libieee1284 0.2.11"
#define PACKAGE_TARNAME "libieee1284"
#define PACKAGE_VERSION "0.2.11"
#define STDC_HEADERS 1
#define VERSION "0.2.11"
#endif
#ifdef __cplusplus
extern "C" void exit (int) throw ();

configure: exit 0
