This file contains any messages produced by compilers while
running configure, to aid debugging if configure makes a mistake.

It was created by tk configure 8.6, which was
generated by GNU Autoconf 2.59.  Invocation command line was

  $ ./configure CC=/home/sanjit/Documents/workArea/LINUXCNC/compiler/odroid/firmware/buildroot-2016.11.2/output/host/usr/bin/arm-linux-gnueabihf-gcc CPP=/home/sanjit/Documents/workArea/LINUXCNC/compiler/odroid/firmware/buildroot-2016.11.2/output/host/usr/bin/arm-linux-gnueabihf-cpp --prefix=/home/sanjit/Documents/workArea/LINUXCNC/compiler/odroid/firmware/buildroot-2016.11.2/output/host/usr/arm-buildroot-linux-gnueabihf/sysroot/usr/lib --target=arm --host=i386-linux --with-tcl=/home/sanjit/Documents/workArea/LINUXCNC/compiler/odroid/firmware/buildroot-2016.11.2/output/build/tcl-8.6.6/unix

## --------- ##
## Platform. ##
## --------- ##

hostname = lost
uname -m = x86_64
uname -r = 3.16.0-4-amd64
uname -s = Linux
uname -v = #1 SMP Debian 3.16.7-ckt25-2 (2016-04-08)

/usr/bin/uname -p = unknown
/bin/uname -X     = unknown

/bin/arch              = unknown
/usr/bin/arch -k       = unknown
/usr/convex/getsysinfo = unknown
hostinfo               = unknown
/bin/machine           = unknown
/usr/bin/oslevel       = unknown
/bin/universe          = unknown

PATH: /sbin
PATH: /usr/local/bin
PATH: /usr/bin
PATH: /bin
PATH: /usr/local/games
PATH: /usr/games


## ----------- ##
## Core tests. ##
## ----------- ##

configure:1365: checking for Tcl configuration
configure:1469: result: found /home/sanjit/Documents/workArea/LINUXCNC/compiler/odroid/firmware/buildroot-2016.11.2/output/build/tcl-8.6.6/unix/tclConfig.sh
configure:1475: checking for existence of /home/sanjit/Documents/workArea/LINUXCNC/compiler/odroid/firmware/buildroot-2016.11.2/output/build/tcl-8.6.6/unix/tclConfig.sh
configure:1479: result: loading
configure:1560: checking for tclsh
configure:1584: result: /usr/local/bin/tclsh8.6
configure:1595: checking for tclsh in Tcl build directory
configure:1598: result: /home/sanjit/Documents/workArea/LINUXCNC/compiler/odroid/firmware/buildroot-2016.11.2/output/build/tcl-8.6.6/unix/tclsh
configure:1622: checking whether to use symlinks for manpages
configure:1631: result: no
configure:1634: checking whether to compress the manpages
configure:1649: result: no
configure:1663: checking whether to add a package name suffix for the manpages
configure:1676: result: no
configure:1700: checking for i386-linux-gcc
configure:1726: result: /home/sanjit/Documents/workArea/LINUXCNC/compiler/odroid/firmware/buildroot-2016.11.2/output/host/usr/bin/arm-linux-gnueabihf-gcc
configure:2008: checking for C compiler version
configure:2011: /home/sanjit/Documents/workArea/LINUXCNC/compiler/odroid/firmware/buildroot-2016.11.2/output/host/usr/bin/arm-linux-gnueabihf-gcc --version </dev/null >&5
arm-linux-gnueabihf-gcc (Linaro GCC 5.3-2016.05) 5.3.1 20160412
Copyright (C) 2015 Free Software Foundation, Inc.
This is free software; see the source for copying conditions.  There is NO
warranty; not even for MERCHANTABILITY or FITNESS FOR A PARTICULAR PURPOSE.

configure:2014: $? = 0
configure:2016: /home/sanjit/Documents/workArea/LINUXCNC/compiler/odroid/firmware/buildroot-2016.11.2/output/host/usr/bin/arm-linux-gnueabihf-gcc -v </dev/null >&5
Using built-in specs.
COLLECT_GCC=/home/sanjit/Documents/workArea/LINUXCNC/compiler/odroid/firmware/buildroot-2016.11.2/output/host/opt/ext-toolchain/bin/arm-linux-gnueabihf-gcc
COLLECT_LTO_WRAPPER=/home/sanjit/Documents/workArea/LINUXCNC/compiler/odroid/firmware/buildroot-2016.11.2/output/host/opt/ext-toolchain/bin/../libexec/gcc/arm-linux-gnueabihf/5.3.1/lto-wrapper
Target: arm-linux-gnueabihf
Configured with: /home/tcwg-buildslave/workspace/tcwg-make-release/label/docker-trusty-amd64-tcwg/target/arm-linux-gnueabihf/snapshots/gcc-linaro-5.3-2016.05/configure SHELL=/bin/bash --with-mpc=/home/tcwg-buildslave/workspace/tcwg-make-release/label/docker-trusty-amd64-tcwg/target/arm-linux-gnueabihf/_build/builds/destdir/x86_64-unknown-linux-gnu --with-mpfr=/home/tcwg-buildslave/workspace/tcwg-make-release/label/docker-trusty-amd64-tcwg/target/arm-linux-gnueabihf/_build/builds/destdir/x86_64-unknown-linux-gnu --with-gmp=/home/tcwg-buildslave/workspace/tcwg-make-release/label/docker-trusty-amd64-tcwg/target/arm-linux-gnueabihf/_build/builds/destdir/x86_64-unknown-linux-gnu --with-gnu-as --with-gnu-ld --disable-libstdcxx-pch --disable-libmudflap --with-cloog=no --with-ppl=no --with-isl=no --disable-nls --enable-c99 --with-tune=cortex-a9 --with-arch=armv7-a --with-fpu=vfpv3-d16 --with-float=hard --with-mode=thumb --disable-multilib --enable-multiarch --with-build-sysroot=/home/tcwg-buildslave/workspace/tcwg-make-release/label/docker-trusty-amd64-tcwg/target/arm-linux-gnueabihf/_build/sysroots/arm-linux-gnueabihf --enable-lto --enable-linker-build-id --enable-long-long --enable-shared --with-sysroot=/home/tcwg-buildslave/workspace/tcwg-make-release/label/docker-trusty-amd64-tcwg/target/arm-linux-gnueabihf/_build/builds/destdir/x86_64-unknown-linux-gnu/arm-linux-gnueabihf/libc --enable-languages=c,c++,fortran,lto --enable-checking=release --disable-bootstrap --build=x86_64-unknown-linux-gnu --host=x86_64-unknown-linux-gnu --target=arm-linux-gnueabihf --prefix=/home/tcwg-buildslave/workspace/tcwg-make-release/label/docker-trusty-amd64-tcwg/target/arm-linux-gnueabihf/_build/builds/destdir/x86_64-unknown-linux-gnu
Thread model: posix
gcc version 5.3.1 20160412 (Linaro GCC 5.3-2016.05) 
configure:2019: $? = 0
configure:2021: /home/sanjit/Documents/workArea/LINUXCNC/compiler/odroid/firmware/buildroot-2016.11.2/output/host/usr/bin/arm-linux-gnueabihf-gcc -V </dev/null >&5
arm-linux-gnueabihf-gcc: error: unrecognized command line option '-V'
arm-linux-gnueabihf-gcc: fatal error: no input files
compilation terminated.
configure:2024: $? = 1
configure:2047: checking for C compiler default output file name
configure:2050: /home/sanjit/Documents/workArea/LINUXCNC/compiler/odroid/firmware/buildroot-2016.11.2/output/host/usr/bin/arm-linux-gnueabihf-gcc    conftest.c  >&5
configure:2053: $? = 0
configure:2099: result: a.out
configure:2104: checking whether the C compiler works
configure:2110: ./a.out
/lib/ld-linux-armhf.so.3: No such file or directory
configure:2113: $? = 255
configure:2130: result: yes
configure:2137: checking whether we are cross compiling
configure:2139: result: yes
configure:2142: checking for suffix of executables
configure:2144: /home/sanjit/Documents/workArea/LINUXCNC/compiler/odroid/firmware/buildroot-2016.11.2/output/host/usr/bin/arm-linux-gnueabihf-gcc -o conftest    conftest.c  >&5
configure:2147: $? = 0
configure:2172: result: 
configure:2178: checking for suffix of object files
configure:2199: /home/sanjit/Documents/workArea/LINUXCNC/compiler/odroid/firmware/buildroot-2016.11.2/output/host/usr/bin/arm-linux-gnueabihf-gcc -c   conftest.c >&5
configure:2202: $? = 0
configure:2224: result: o
configure:2228: checking whether we are using the GNU C compiler
configure:2252: /home/sanjit/Documents/workArea/LINUXCNC/compiler/odroid/firmware/buildroot-2016.11.2/output/host/usr/bin/arm-linux-gnueabihf-gcc -c   conftest.c >&5
configure:2258: $? = 0
configure:2262: test -z 
			 || test ! -s conftest.err
configure:2265: $? = 0
configure:2268: test -s conftest.o
configure:2271: $? = 0
configure:2284: result: yes
configure:2290: checking whether /home/sanjit/Documents/workArea/LINUXCNC/compiler/odroid/firmware/buildroot-2016.11.2/output/host/usr/bin/arm-linux-gnueabihf-gcc accepts -g
configure:2311: /home/sanjit/Documents/workArea/LINUXCNC/compiler/odroid/firmware/buildroot-2016.11.2/output/host/usr/bin/arm-linux-gnueabihf-gcc -c -g  conftest.c >&5
configure:2317: $? = 0
configure:2321: test -z 
			 || test ! -s conftest.err
configure:2324: $? = 0
configure:2327: test -s conftest.o
configure:2330: $? = 0
configure:2341: result: yes
configure:2358: checking for /home/sanjit/Documents/workArea/LINUXCNC/compiler/odroid/firmware/buildroot-2016.11.2/output/host/usr/bin/arm-linux-gnueabihf-gcc option to accept ANSI C
configure:2428: /home/sanjit/Documents/workArea/LINUXCNC/compiler/odroid/firmware/buildroot-2016.11.2/output/host/usr/bin/arm-linux-gnueabihf-gcc  -c   conftest.c >&5
configure:2434: $? = 0
configure:2438: test -z 
			 || test ! -s conftest.err
configure:2441: $? = 0
configure:2444: test -s conftest.o
configure:2447: $? = 0
configure:2465: result: none needed
configure:2483: /home/sanjit/Documents/workArea/LINUXCNC/compiler/odroid/firmware/buildroot-2016.11.2/output/host/usr/bin/arm-linux-gnueabihf-gcc -c   conftest.c >&5
conftest.c:2:3: error: unknown type name 'choke'
   choke me
   ^
conftest.c:2:3: error: expected '=', ',', ';', 'asm' or '__attribute__' at end of input
configure:2489: $? = 1
configure: failed program was:
| #ifndef __cplusplus
|   choke me
| #endif
configure:2623: checking for inline
configure:2644: /home/sanjit/Documents/workArea/LINUXCNC/compiler/odroid/firmware/buildroot-2016.11.2/output/host/usr/bin/arm-linux-gnueabihf-gcc -c   conftest.c >&5
configure:2650: $? = 0
configure:2654: test -z 
			 || test ! -s conftest.err
configure:2657: $? = 0
configure:2660: test -s conftest.o
configure:2663: $? = 0
configure:2675: result: inline
configure:2705: checking how to run the C preprocessor
configure:2823: result: /home/sanjit/Documents/workArea/LINUXCNC/compiler/odroid/firmware/buildroot-2016.11.2/output/host/usr/bin/arm-linux-gnueabihf-cpp
configure:2847: /home/sanjit/Documents/workArea/LINUXCNC/compiler/odroid/firmware/buildroot-2016.11.2/output/host/usr/bin/arm-linux-gnueabihf-cpp  conftest.c
configure:2853: $? = 0
configure:2885: /home/sanjit/Documents/workArea/LINUXCNC/compiler/odroid/firmware/buildroot-2016.11.2/output/host/usr/bin/arm-linux-gnueabihf-cpp  conftest.c
conftest.c:9:28: fatal error: ac_nonexistent.h: No such file or directory
compilation terminated.
configure:2891: $? = 1
configure: failed program was:
| /* confdefs.h.  */
| 
| #define PACKAGE_NAME "tk"
| #define PACKAGE_TARNAME "tk"
| #define PACKAGE_VERSION "8.6"
| #define PACKAGE_STRING "tk 8.6"
| #define PACKAGE_BUGREPORT ""
| /* end confdefs.h.  */
| #include <ac_nonexistent.h>
configure:2935: checking for egrep
configure:2945: result: grep -E
configure:2950: checking for ANSI C header files
configure:2975: /home/sanjit/Documents/workArea/LINUXCNC/compiler/odroid/firmware/buildroot-2016.11.2/output/host/usr/bin/arm-linux-gnueabihf-gcc -c   conftest.c >&5
configure:2981: $? = 0
configure:2985: test -z 
			 || test ! -s conftest.err
configure:2988: $? = 0
configure:2991: test -s conftest.o
configure:2994: $? = 0
configure:3106: result: yes
configure:3130: checking for sys/types.h
configure:3146: /home/sanjit/Documents/workArea/LINUXCNC/compiler/odroid/firmware/buildroot-2016.11.2/output/host/usr/bin/arm-linux-gnueabihf-gcc -c   conftest.c >&5
configure:3152: $? = 0
configure:3156: test -z 
			 || test ! -s conftest.err
configure:3159: $? = 0
configure:3162: test -s conftest.o
configure:3165: $? = 0
configure:3176: result: yes
configure:3130: checking for sys/stat.h
configure:3146: /home/sanjit/Documents/workArea/LINUXCNC/compiler/odroid/firmware/buildroot-2016.11.2/output/host/usr/bin/arm-linux-gnueabihf-gcc -c   conftest.c >&5
configure:3152: $? = 0
configure:3156: test -z 
			 || test ! -s conftest.err
configure:3159: $? = 0
configure:3162: test -s conftest.o
configure:3165: $? = 0
configure:3176: result: yes
configure:3130: checking for stdlib.h
configure:3146: /home/sanjit/Documents/workArea/LINUXCNC/compiler/odroid/firmware/buildroot-2016.11.2/output/host/usr/bin/arm-linux-gnueabihf-gcc -c   conftest.c >&5
configure:3152: $? = 0
configure:3156: test -z 
			 || test ! -s conftest.err
configure:3159: $? = 0
configure:3162: test -s conftest.o
configure:3165: $? = 0
configure:3176: result: yes
configure:3130: checking for string.h
configure:3146: /home/sanjit/Documents/workArea/LINUXCNC/compiler/odroid/firmware/buildroot-2016.11.2/output/host/usr/bin/arm-linux-gnueabihf-gcc -c   conftest.c >&5
configure:3152: $? = 0
configure:3156: test -z 
			 || test ! -s conftest.err
configure:3159: $? = 0
configure:3162: test -s conftest.o
configure:3165: $? = 0
configure:3176: result: yes
configure:3130: checking for memory.h
configure:3146: /home/sanjit/Documents/workArea/LINUXCNC/compiler/odroid/firmware/buildroot-2016.11.2/output/host/usr/bin/arm-linux-gnueabihf-gcc -c   conftest.c >&5
configure:3152: $? = 0
configure:3156: test -z 
			 || test ! -s conftest.err
configure:3159: $? = 0
configure:3162: test -s conftest.o
configure:3165: $? = 0
configure:3176: result: yes
configure:3130: checking for strings.h
configure:3146: /home/sanjit/Documents/workArea/LINUXCNC/compiler/odroid/firmware/buildroot-2016.11.2/output/host/usr/bin/arm-linux-gnueabihf-gcc -c   conftest.c >&5
configure:3152: $? = 0
configure:3156: test -z 
			 || test ! -s conftest.err
configure:3159: $? = 0
configure:3162: test -s conftest.o
configure:3165: $? = 0
configure:3176: result: yes
configure:3130: checking for inttypes.h
configure:3146: /home/sanjit/Documents/workArea/LINUXCNC/compiler/odroid/firmware/buildroot-2016.11.2/output/host/usr/bin/arm-linux-gnueabihf-gcc -c   conftest.c >&5
configure:3152: $? = 0
configure:3156: test -z 
			 || test ! -s conftest.err
configure:3159: $? = 0
configure:3162: test -s conftest.o
configure:3165: $? = 0
configure:3176: result: yes
configure:3130: checking for stdint.h
configure:3146: /home/sanjit/Documents/workArea/LINUXCNC/compiler/odroid/firmware/buildroot-2016.11.2/output/host/usr/bin/arm-linux-gnueabihf-gcc -c   conftest.c >&5
configure:3152: $? = 0
configure:3156: test -z 
			 || test ! -s conftest.err
configure:3159: $? = 0
configure:3162: test -s conftest.o
configure:3165: $? = 0
configure:3176: result: yes
configure:3130: checking for unistd.h
configure:3146: /home/sanjit/Documents/workArea/LINUXCNC/compiler/odroid/firmware/buildroot-2016.11.2/output/host/usr/bin/arm-linux-gnueabihf-gcc -c   conftest.c >&5
configure:3152: $? = 0
configure:3156: test -z 
			 || test ! -s conftest.err
configure:3159: $? = 0
configure:3162: test -s conftest.o
configure:3165: $? = 0
configure:3176: result: yes
configure:3189: checking for stdlib.h
configure:3194: result: yes
configure:3397: checking if the compiler understands -pipe
configure:3420: /home/sanjit/Documents/workArea/LINUXCNC/compiler/odroid/firmware/buildroot-2016.11.2/output/host/usr/bin/arm-linux-gnueabihf-gcc -c  -pipe  conftest.c >&5
configure:3426: $? = 0
configure:3430: test -z 
			 || test ! -s conftest.err
configure:3433: $? = 0
configure:3436: test -s conftest.o
configure:3439: $? = 0
configure:3451: result: yes
configure:3501: checking for pthread_mutex_init in -lpthread
configure:3531: /home/sanjit/Documents/workArea/LINUXCNC/compiler/odroid/firmware/buildroot-2016.11.2/output/host/usr/bin/arm-linux-gnueabihf-gcc -o conftest  -pipe   conftest.c -lpthread   >&5
configure:3537: $? = 0
configure:3541: test -z 
			 || test ! -s conftest.err
configure:3544: $? = 0
configure:3547: test -s conftest
configure:3550: $? = 0
configure:3563: result: yes
configure:3890: checking for pthread_attr_setstacksize
configure:3947: /home/sanjit/Documents/workArea/LINUXCNC/compiler/odroid/firmware/buildroot-2016.11.2/output/host/usr/bin/arm-linux-gnueabihf-gcc -o conftest  -pipe   conftest.c   -lpthread >&5
configure:3953: $? = 0
configure:3957: test -z 
			 || test ! -s conftest.err
configure:3960: $? = 0
configure:3963: test -s conftest
configure:3966: $? = 0
configure:3978: result: yes
configure:3890: checking for pthread_atfork
configure:3947: /home/sanjit/Documents/workArea/LINUXCNC/compiler/odroid/firmware/buildroot-2016.11.2/output/host/usr/bin/arm-linux-gnueabihf-gcc -o conftest  -pipe   conftest.c   -lpthread >&5
configure:3953: $? = 0
configure:3957: test -z 
			 || test ! -s conftest.err
configure:3960: $? = 0
configure:3963: test -s conftest
configure:3966: $? = 0
configure:3978: result: yes
configure:3993: checking for building with threads
configure:4002: result: yes (threaded core)
configure:4020: checking how to build libraries
configure:4038: result: shared
configure:4062: checking for i386-linux-ranlib
configure:4091: result: no
configure:4100: checking for ranlib
configure:4116: found /usr/bin/ranlib
configure:4127: result: ranlib
configure:4143: checking if 64bit support is requested
configure:4152: result: no
configure:4157: checking if 64bit Sparc VIS support is requested
configure:4166: result: no
configure:4177: checking if compiler supports visibility "hidden"
configure:4202: /home/sanjit/Documents/workArea/LINUXCNC/compiler/odroid/firmware/buildroot-2016.11.2/output/host/usr/bin/arm-linux-gnueabihf-gcc -o conftest  -pipe -Werror   conftest.c  -lpthread >&5
configure:4208: $? = 0
configure:4212: test -z 
			 || test ! -s conftest.err
configure:4215: $? = 0
configure:4218: test -s conftest
configure:4221: $? = 0
configure:4234: result: yes
configure:4254: checking if rpath support is requested
configure:4263: result: yes
configure:4270: checking system version
configure:4298: result: Linux-3.16.0-4-amd64
configure:4306: checking for dlopen in -ldl
configure:4336: /home/sanjit/Documents/workArea/LINUXCNC/compiler/odroid/firmware/buildroot-2016.11.2/output/host/usr/bin/arm-linux-gnueabihf-gcc -o conftest  -pipe   conftest.c -ldl   -lpthread >&5
configure:4342: $? = 0
configure:4346: test -z 
			 || test ! -s conftest.err
configure:4349: $? = 0
configure:4352: test -s conftest
configure:4355: $? = 0
configure:4368: result: yes
configure:4411: checking for i386-linux-ar
configure:4440: result: no
configure:4449: checking for ar
configure:4465: found /usr/bin/ar
configure:4475: result: ar
configure:6737: checking for cast to union support
configure:6761: /home/sanjit/Documents/workArea/LINUXCNC/compiler/odroid/firmware/buildroot-2016.11.2/output/host/usr/bin/arm-linux-gnueabihf-gcc -c  -pipe  conftest.c >&5
configure:6767: $? = 0
configure:6771: test -z 
			 || test ! -s conftest.err
configure:6774: $? = 0
configure:6777: test -s conftest.o
configure:6780: $? = 0
configure:6792: result: yes
configure:6844: checking for build with symbols
configure:6863: result: no
configure:6907: checking for required early compiler flags
configure:6930: /home/sanjit/Documents/workArea/LINUXCNC/compiler/odroid/firmware/buildroot-2016.11.2/output/host/usr/bin/arm-linux-gnueabihf-gcc -c  -pipe  conftest.c >&5
configure:6936: $? = 0
configure:6940: test -z 
			 || test ! -s conftest.err
configure:6943: $? = 0
configure:6946: test -s conftest.o
configure:6949: $? = 0
configure:7035: /home/sanjit/Documents/workArea/LINUXCNC/compiler/odroid/firmware/buildroot-2016.11.2/output/host/usr/bin/arm-linux-gnueabihf-gcc -c  -pipe  conftest.c >&5
conftest.c: In function 'main':
conftest.c:35:15: error: storage size of 'buf' isn't known
 struct stat64 buf; int i = stat64("/", &buf);
               ^
conftest.c:35:28: warning: implicit declaration of function 'stat64' [-Wimplicit-function-declaration]
 struct stat64 buf; int i = stat64("/", &buf);
                            ^
configure:7041: $? = 1
configure: failed program was:
| /* confdefs.h.  */
| 
| #define PACKAGE_NAME "tk"
| #define PACKAGE_TARNAME "tk"
| #define PACKAGE_VERSION "8.6"
| #define PACKAGE_STRING "tk 8.6"
| #define PACKAGE_BUGREPORT ""
| #define STDC_HEADERS 1
| #define HAVE_SYS_TYPES_H 1
| #define HAVE_SYS_STAT_H 1
| #define HAVE_STDLIB_H 1
| #define HAVE_STRING_H 1
| #define HAVE_MEMORY_H 1
| #define HAVE_STRINGS_H 1
| #define HAVE_INTTYPES_H 1
| #define HAVE_STDINT_H 1
| #define HAVE_UNISTD_H 1
| #define USE_THREAD_ALLOC 1
| #define _REENTRANT 1
| #define _THREAD_SAFE 1
| #define HAVE_PTHREAD_ATTR_SETSTACKSIZE 1
| #define HAVE_PTHREAD_ATFORK 1
| #define TCL_THREADS 1
| #define MODULE_SCOPE extern __attribute__((__visibility__("hidden")))
| #define HAVE_HIDDEN 1
| #define HAVE_CAST_TO_UNION 1
| #define TCL_SHLIB_EXT ".so"
| #define NDEBUG 1
| #define TCL_CFG_OPTIMIZED 1
| /* end confdefs.h.  */
| #include <sys/stat.h>
| int
| main ()
| {
| struct stat64 buf; int i = stat64("/", &buf);
|   ;
|   return 0;
| }
configure:7078: /home/sanjit/Documents/workArea/LINUXCNC/compiler/odroid/firmware/buildroot-2016.11.2/output/host/usr/bin/arm-linux-gnueabihf-gcc -c  -pipe  conftest.c >&5
configure:7084: $? = 0
configure:7088: test -z 
			 || test ! -s conftest.err
configure:7091: $? = 0
configure:7094: test -s conftest.o
configure:7097: $? = 0
configure:7140: /home/sanjit/Documents/workArea/LINUXCNC/compiler/odroid/firmware/buildroot-2016.11.2/output/host/usr/bin/arm-linux-gnueabihf-gcc -c  -pipe  conftest.c >&5
conftest.c: In function 'main':
conftest.c:36:19: error: 'open64' undeclared (first use in this function)
 char *p = (char *)open64;
                   ^
conftest.c:36:19: note: each undeclared identifier is reported only once for each function it appears in
configure:7146: $? = 1
configure: failed program was:
| /* confdefs.h.  */
| 
| #define PACKAGE_NAME "tk"
| #define PACKAGE_TARNAME "tk"
| #define PACKAGE_VERSION "8.6"
| #define PACKAGE_STRING "tk 8.6"
| #define PACKAGE_BUGREPORT ""
| #define STDC_HEADERS 1
| #define HAVE_SYS_TYPES_H 1
| #define HAVE_SYS_STAT_H 1
| #define HAVE_STDLIB_H 1
| #define HAVE_STRING_H 1
| #define HAVE_MEMORY_H 1
| #define HAVE_STRINGS_H 1
| #define HAVE_INTTYPES_H 1
| #define HAVE_STDINT_H 1
| #define HAVE_UNISTD_H 1
| #define USE_THREAD_ALLOC 1
| #define _REENTRANT 1
| #define _THREAD_SAFE 1
| #define HAVE_PTHREAD_ATTR_SETSTACKSIZE 1
| #define HAVE_PTHREAD_ATFORK 1
| #define TCL_THREADS 1
| #define MODULE_SCOPE extern __attribute__((__visibility__("hidden")))
| #define HAVE_HIDDEN 1
| #define HAVE_CAST_TO_UNION 1
| #define TCL_SHLIB_EXT ".so"
| #define NDEBUG 1
| #define TCL_CFG_OPTIMIZED 1
| #define _LARGEFILE64_SOURCE 1
| /* end confdefs.h.  */
| #include <sys/stat.h>
| int
| main ()
| {
| char *p = (char *)open64;
|   ;
|   return 0;
| }
configure:7183: /home/sanjit/Documents/workArea/LINUXCNC/compiler/odroid/firmware/buildroot-2016.11.2/output/host/usr/bin/arm-linux-gnueabihf-gcc -c  -pipe  conftest.c >&5
conftest.c: In function 'main':
conftest.c:37:19: error: 'open64' undeclared (first use in this function)
 char *p = (char *)open64;
                   ^
conftest.c:37:19: note: each undeclared identifier is reported only once for each function it appears in
configure:7189: $? = 1
configure: failed program was:
| /* confdefs.h.  */
| 
| #define PACKAGE_NAME "tk"
| #define PACKAGE_TARNAME "tk"
| #define PACKAGE_VERSION "8.6"
| #define PACKAGE_STRING "tk 8.6"
| #define PACKAGE_BUGREPORT ""
| #define STDC_HEADERS 1
| #define HAVE_SYS_TYPES_H 1
| #define HAVE_SYS_STAT_H 1
| #define HAVE_STDLIB_H 1
| #define HAVE_STRING_H 1
| #define HAVE_MEMORY_H 1
| #define HAVE_STRINGS_H 1
| #define HAVE_INTTYPES_H 1
| #define HAVE_STDINT_H 1
| #define HAVE_UNISTD_H 1
| #define USE_THREAD_ALLOC 1
| #define _REENTRANT 1
| #define _THREAD_SAFE 1
| #define HAVE_PTHREAD_ATTR_SETSTACKSIZE 1
| #define HAVE_PTHREAD_ATFORK 1
| #define TCL_THREADS 1
| #define MODULE_SCOPE extern __attribute__((__visibility__("hidden")))
| #define HAVE_HIDDEN 1
| #define HAVE_CAST_TO_UNION 1
| #define TCL_SHLIB_EXT ".so"
| #define NDEBUG 1
| #define TCL_CFG_OPTIMIZED 1
| #define _LARGEFILE64_SOURCE 1
| /* end confdefs.h.  */
| #define _LARGEFILE_SOURCE64 1
| #include <sys/stat.h>
| int
| main ()
| {
| char *p = (char *)open64;
|   ;
|   return 0;
| }
configure:7229: result:  _LARGEFILE64_SOURCE
configure:7235: checking for 64-bit integer type
configure:7259: /home/sanjit/Documents/workArea/LINUXCNC/compiler/odroid/firmware/buildroot-2016.11.2/output/host/usr/bin/arm-linux-gnueabihf-gcc -c  -pipe  conftest.c >&5
conftest.c: In function 'main':
conftest.c:36:1: error: unknown type name '__int64'
 __int64 value = (__int64) 0;
 ^
conftest.c:36:18: error: '__int64' undeclared (first use in this function)
 __int64 value = (__int64) 0;
                  ^
conftest.c:36:18: note: each undeclared identifier is reported only once for each function it appears in
conftest.c:36:27: error: expected ',' or ';' before numeric constant
 __int64 value = (__int64) 0;
                           ^
configure:7265: $? = 1
configure: failed program was:
| /* confdefs.h.  */
| 
| #define PACKAGE_NAME "tk"
| #define PACKAGE_TARNAME "tk"
| #define PACKAGE_VERSION "8.6"
| #define PACKAGE_STRING "tk 8.6"
| #define PACKAGE_BUGREPORT ""
| #define STDC_HEADERS 1
| #define HAVE_SYS_TYPES_H 1
| #define HAVE_SYS_STAT_H 1
| #define HAVE_STDLIB_H 1
| #define HAVE_STRING_H 1
| #define HAVE_MEMORY_H 1
| #define HAVE_STRINGS_H 1
| #define HAVE_INTTYPES_H 1
| #define HAVE_STDINT_H 1
| #define HAVE_UNISTD_H 1
| #define USE_THREAD_ALLOC 1
| #define _REENTRANT 1
| #define _THREAD_SAFE 1
| #define HAVE_PTHREAD_ATTR_SETSTACKSIZE 1
| #define HAVE_PTHREAD_ATFORK 1
| #define TCL_THREADS 1
| #define MODULE_SCOPE extern __attribute__((__visibility__("hidden")))
| #define HAVE_HIDDEN 1
| #define HAVE_CAST_TO_UNION 1
| #define TCL_SHLIB_EXT ".so"
| #define NDEBUG 1
| #define TCL_CFG_OPTIMIZED 1
| #define _LARGEFILE64_SOURCE 1
| /* end confdefs.h.  */
| 
| int
| main ()
| {
| __int64 value = (__int64) 0;
|   ;
|   return 0;
| }
configure:7309: /home/sanjit/Documents/workArea/LINUXCNC/compiler/odroid/firmware/buildroot-2016.11.2/output/host/usr/bin/arm-linux-gnueabihf-gcc -c  -pipe  conftest.c >&5
configure:7315: $? = 0
configure:7319: test -z 
			 || test ! -s conftest.err
configure:7322: $? = 0
configure:7325: test -s conftest.o
configure:7328: $? = 0
configure:7353: result: long long
configure:7357: checking for struct dirent64
configure:7380: /home/sanjit/Documents/workArea/LINUXCNC/compiler/odroid/firmware/buildroot-2016.11.2/output/host/usr/bin/arm-linux-gnueabihf-gcc -c  -pipe  conftest.c >&5
configure:7386: $? = 0
configure:7390: test -z 
			 || test ! -s conftest.err
configure:7393: $? = 0
configure:7396: test -s conftest.o
configure:7399: $? = 0
configure:7410: result: yes
configure:7420: checking for struct stat64
configure:7443: /home/sanjit/Documents/workArea/LINUXCNC/compiler/odroid/firmware/buildroot-2016.11.2/output/host/usr/bin/arm-linux-gnueabihf-gcc -c  -pipe  conftest.c >&5
configure:7449: $? = 0
configure:7453: test -z 
			 || test ! -s conftest.err
configure:7456: $? = 0
configure:7459: test -s conftest.o
configure:7462: $? = 0
configure:7473: result: yes
configure:7488: checking for open64
configure:7545: /home/sanjit/Documents/workArea/LINUXCNC/compiler/odroid/firmware/buildroot-2016.11.2/output/host/usr/bin/arm-linux-gnueabihf-gcc -o conftest  -pipe   -Wl,--export-dynamic  conftest.c  -lpthread >&5
configure:7551: $? = 0
configure:7555: test -z 
			 || test ! -s conftest.err
configure:7558: $? = 0
configure:7561: test -s conftest
configure:7564: $? = 0
configure:7576: result: yes
configure:7488: checking for lseek64
configure:7545: /home/sanjit/Documents/workArea/LINUXCNC/compiler/odroid/firmware/buildroot-2016.11.2/output/host/usr/bin/arm-linux-gnueabihf-gcc -o conftest  -pipe   -Wl,--export-dynamic  conftest.c  -lpthread >&5
configure:7551: $? = 0
configure:7555: test -z 
			 || test ! -s conftest.err
configure:7558: $? = 0
configure:7561: test -s conftest
configure:7564: $? = 0
configure:7576: result: yes
configure:7586: checking for off64_t
configure:7609: /home/sanjit/Documents/workArea/LINUXCNC/compiler/odroid/firmware/buildroot-2016.11.2/output/host/usr/bin/arm-linux-gnueabihf-gcc -c  -pipe  conftest.c >&5
configure:7615: $? = 0
configure:7619: test -z 
			 || test ! -s conftest.err
configure:7622: $? = 0
configure:7625: test -s conftest.o
configure:7628: $? = 0
configure:7648: result: yes
configure:7661: checking whether byte ordering is bigendian
configure:7688: /home/sanjit/Documents/workArea/LINUXCNC/compiler/odroid/firmware/buildroot-2016.11.2/output/host/usr/bin/arm-linux-gnueabihf-gcc -c  -pipe  conftest.c >&5
configure:7694: $? = 0
configure:7698: test -z 
			 || test ! -s conftest.err
configure:7701: $? = 0
configure:7704: test -s conftest.o
configure:7707: $? = 0
configure:7731: /home/sanjit/Documents/workArea/LINUXCNC/compiler/odroid/firmware/buildroot-2016.11.2/output/host/usr/bin/arm-linux-gnueabihf-gcc -c  -pipe  conftest.c >&5
conftest.c: In function 'main':
conftest.c:45:2: error: unknown type name 'not'
  not big endian
  ^
conftest.c:45:10: error: expected '=', ',', ';', 'asm' or '__attribute__' before 'endian'
  not big endian
          ^
configure:7737: $? = 1
configure: failed program was:
| /* confdefs.h.  */
| 
| #define PACKAGE_NAME "tk"
| #define PACKAGE_TARNAME "tk"
| #define PACKAGE_VERSION "8.6"
| #define PACKAGE_STRING "tk 8.6"
| #define PACKAGE_BUGREPORT ""
| #define STDC_HEADERS 1
| #define HAVE_SYS_TYPES_H 1
| #define HAVE_SYS_STAT_H 1
| #define HAVE_STDLIB_H 1
| #define HAVE_STRING_H 1
| #define HAVE_MEMORY_H 1
| #define HAVE_STRINGS_H 1
| #define HAVE_INTTYPES_H 1
| #define HAVE_STDINT_H 1
| #define HAVE_UNISTD_H 1
| #define USE_THREAD_ALLOC 1
| #define _REENTRANT 1
| #define _THREAD_SAFE 1
| #define HAVE_PTHREAD_ATTR_SETSTACKSIZE 1
| #define HAVE_PTHREAD_ATFORK 1
| #define TCL_THREADS 1
| #define MODULE_SCOPE extern __attribute__((__visibility__("hidden")))
| #define HAVE_HIDDEN 1
| #define HAVE_CAST_TO_UNION 1
| #define TCL_SHLIB_EXT ".so"
| #define NDEBUG 1
| #define TCL_CFG_OPTIMIZED 1
| #define _LARGEFILE64_SOURCE 1
| #define TCL_WIDE_INT_TYPE long long
| #define HAVE_STRUCT_DIRENT64 1
| #define HAVE_STRUCT_STAT64 1
| #define HAVE_OPEN64 1
| #define HAVE_LSEEK64 1
| #define HAVE_TYPE_OFF64_T 1
| /* end confdefs.h.  */
| #include <sys/types.h>
| #include <sys/param.h>
| 
| int
| main ()
| {
| #if BYTE_ORDER != BIG_ENDIAN
|  not big endian
| #endif
| 
|   ;
|   return 0;
| }
configure:7872: result: no
configure:7906: WARNING:
        Different --prefix selected for Tk and Tcl!
        [package require Tk] may not work correctly in tclsh.
configure:7922: checking for fd_set in sys/types
configure:7944: /home/sanjit/Documents/workArea/LINUXCNC/compiler/odroid/firmware/buildroot-2016.11.2/output/host/usr/bin/arm-linux-gnueabihf-gcc -c  -pipe  conftest.c >&5
configure:7950: $? = 0
configure:7954: test -z 
			 || test ! -s conftest.err
configure:7957: $? = 0
configure:7960: test -s conftest.o
configure:7963: $? = 0
configure:7974: result: yes
configure:8039: checking sys/time.h usability
configure:8051: /home/sanjit/Documents/workArea/LINUXCNC/compiler/odroid/firmware/buildroot-2016.11.2/output/host/usr/bin/arm-linux-gnueabihf-gcc -c  -pipe  conftest.c >&5
configure:8057: $? = 0
configure:8061: test -z 
			 || test ! -s conftest.err
configure:8064: $? = 0
configure:8067: test -s conftest.o
configure:8070: $? = 0
configure:8080: result: yes
configure:8084: checking sys/time.h presence
configure:8094: /home/sanjit/Documents/workArea/LINUXCNC/compiler/odroid/firmware/buildroot-2016.11.2/output/host/usr/bin/arm-linux-gnueabihf-cpp  conftest.c
configure:8100: $? = 0
configure:8120: result: yes
configure:8155: checking for sys/time.h
configure:8162: result: yes
configure:8175: checking whether time.h and sys/time.h may both be included
configure:8200: /home/sanjit/Documents/workArea/LINUXCNC/compiler/odroid/firmware/buildroot-2016.11.2/output/host/usr/bin/arm-linux-gnueabihf-gcc -c  -pipe  conftest.c >&5
configure:8206: $? = 0
configure:8210: test -z 
			 || test ! -s conftest.err
configure:8213: $? = 0
configure:8216: test -s conftest.o
configure:8219: $? = 0
configure:8230: result: yes
configure:8249: checking for strtod
configure:8306: /home/sanjit/Documents/workArea/LINUXCNC/compiler/odroid/firmware/buildroot-2016.11.2/output/host/usr/bin/arm-linux-gnueabihf-gcc -o conftest  -pipe   -Wl,--export-dynamic  conftest.c  -lpthread >&5
configure:8312: $? = 0
configure:8316: test -z 
			 || test ! -s conftest.err
configure:8319: $? = 0
configure:8322: test -s conftest
configure:8325: $? = 0
configure:8337: result: yes
configure:8346: checking for Solaris2.4/Tru64 strtod bugs
configure:8405: result: buggy
configure:8431: checking for mode_t
configure:8455: /home/sanjit/Documents/workArea/LINUXCNC/compiler/odroid/firmware/buildroot-2016.11.2/output/host/usr/bin/arm-linux-gnueabihf-gcc -c  -pipe  conftest.c >&5
configure:8461: $? = 0
configure:8465: test -z 
			 || test ! -s conftest.err
configure:8468: $? = 0
configure:8471: test -s conftest.o
configure:8474: $? = 0
configure:8485: result: yes
configure:8497: checking for pid_t
configure:8521: /home/sanjit/Documents/workArea/LINUXCNC/compiler/odroid/firmware/buildroot-2016.11.2/output/host/usr/bin/arm-linux-gnueabihf-gcc -c  -pipe  conftest.c >&5
configure:8527: $? = 0
configure:8531: test -z 
			 || test ! -s conftest.err
configure:8534: $? = 0
configure:8537: test -s conftest.o
configure:8540: $? = 0
configure:8551: result: yes
configure:8563: checking for size_t
configure:8587: /home/sanjit/Documents/workArea/LINUXCNC/compiler/odroid/firmware/buildroot-2016.11.2/output/host/usr/bin/arm-linux-gnueabihf-gcc -c  -pipe  conftest.c >&5
configure:8593: $? = 0
configure:8597: test -z 
			 || test ! -s conftest.err
configure:8600: $? = 0
configure:8603: test -s conftest.o
configure:8606: $? = 0
configure:8617: result: yes
configure:8629: checking for uid_t in sys/types.h
configure:8652: result: yes
configure:8668: checking for intptr_t
configure:8692: /home/sanjit/Documents/workArea/LINUXCNC/compiler/odroid/firmware/buildroot-2016.11.2/output/host/usr/bin/arm-linux-gnueabihf-gcc -c  -pipe  conftest.c >&5
configure:8698: $? = 0
configure:8702: test -z 
			 || test ! -s conftest.err
configure:8705: $? = 0
configure:8708: test -s conftest.o
configure:8711: $? = 0
configure:8722: result: yes
configure:8803: checking for uintptr_t
configure:8827: /home/sanjit/Documents/workArea/LINUXCNC/compiler/odroid/firmware/buildroot-2016.11.2/output/host/usr/bin/arm-linux-gnueabihf-gcc -c  -pipe  conftest.c >&5
configure:8833: $? = 0
configure:8837: test -z 
			 || test ! -s conftest.err
configure:8840: $? = 0
configure:8843: test -s conftest.o
configure:8846: $? = 0
configure:8857: result: yes
configure:8944: checking pw_gecos in struct pwd
configure:8966: /home/sanjit/Documents/workArea/LINUXCNC/compiler/odroid/firmware/buildroot-2016.11.2/output/host/usr/bin/arm-linux-gnueabihf-gcc -c  -pipe  conftest.c >&5
configure:8972: $? = 0
configure:8976: test -z 
			 || test ! -s conftest.err
configure:8979: $? = 0
configure:8982: test -s conftest.o
configure:8985: $? = 0
configure:8996: result: yes
configure:9506: checking for X
configure:9611: /home/sanjit/Documents/workArea/LINUXCNC/compiler/odroid/firmware/buildroot-2016.11.2/output/host/usr/bin/arm-linux-gnueabihf-cpp  conftest.c
configure:9617: $? = 0
configure:9667: /home/sanjit/Documents/workArea/LINUXCNC/compiler/odroid/firmware/buildroot-2016.11.2/output/host/usr/bin/arm-linux-gnueabihf-gcc -o conftest  -pipe   -Wl,--export-dynamic  conftest.c -lXt  -lpthread >&5
configure:9673: $? = 0
configure:9677: test -z 
			 || test ! -s conftest.err
configure:9680: $? = 0
configure:9683: test -s conftest
configure:9686: $? = 0
configure:9736: result: libraries , headers 
configure:9751: /home/sanjit/Documents/workArea/LINUXCNC/compiler/odroid/firmware/buildroot-2016.11.2/output/host/usr/bin/arm-linux-gnueabihf-cpp  conftest.c
configure:9757: $? = 0
configure:9986: checking for main in -lXbsd
configure:10010: /home/sanjit/Documents/workArea/LINUXCNC/compiler/odroid/firmware/buildroot-2016.11.2/output/host/usr/bin/arm-linux-gnueabihf-gcc -o conftest  -pipe   -Wl,--export-dynamic  conftest.c -lXbsd   -lpthread >&5
/home/sanjit/Documents/workArea/LINUXCNC/compiler/odroid/firmware/buildroot-2016.11.2/output/host/opt/ext-toolchain/bin/../lib/gcc/arm-linux-gnueabihf/5.3.1/../../../../arm-linux-gnueabihf/bin/ld: cannot find -lXbsd
collect2: error: ld returned 1 exit status
configure:10016: $? = 1
configure: failed program was:
| /* confdefs.h.  */
| 
| #define PACKAGE_NAME "tk"
| #define PACKAGE_TARNAME "tk"
| #define PACKAGE_VERSION "8.6"
| #define PACKAGE_STRING "tk 8.6"
| #define PACKAGE_BUGREPORT ""
| #define STDC_HEADERS 1
| #define HAVE_SYS_TYPES_H 1
| #define HAVE_SYS_STAT_H 1
| #define HAVE_STDLIB_H 1
| #define HAVE_STRING_H 1
| #define HAVE_MEMORY_H 1
| #define HAVE_STRINGS_H 1
| #define HAVE_INTTYPES_H 1
| #define HAVE_STDINT_H 1
| #define HAVE_UNISTD_H 1
| #define USE_THREAD_ALLOC 1
| #define _REENTRANT 1
| #define _THREAD_SAFE 1
| #define HAVE_PTHREAD_ATTR_SETSTACKSIZE 1
| #define HAVE_PTHREAD_ATFORK 1
| #define TCL_THREADS 1
| #define MODULE_SCOPE extern __attribute__((__visibility__("hidden")))
| #define HAVE_HIDDEN 1
| #define HAVE_CAST_TO_UNION 1
| #define TCL_SHLIB_EXT ".so"
| #define NDEBUG 1
| #define TCL_CFG_OPTIMIZED 1
| #define _LARGEFILE64_SOURCE 1
| #define TCL_WIDE_INT_TYPE long long
| #define HAVE_STRUCT_DIRENT64 1
| #define HAVE_STRUCT_STAT64 1
| #define HAVE_OPEN64 1
| #define HAVE_LSEEK64 1
| #define HAVE_TYPE_OFF64_T 1
| #define HAVE_SYS_TIME_H 1
| #define TIME_WITH_SYS_TIME 1
| #define strtod fixstrtod
| #define HAVE_INTPTR_T 1
| #define HAVE_UINTPTR_T 1
| #define HAVE_PW_GECOS 1
| /* end confdefs.h.  */
| 
| 
| int
| main ()
| {
| main ();
|   ;
|   return 0;
| }
configure:10042: result: no
configure:10133: checking whether to use xft
configure:10156: result: yes
configure:10163: checking for X11/Xft/Xft.h
configure:10179: /home/sanjit/Documents/workArea/LINUXCNC/compiler/odroid/firmware/buildroot-2016.11.2/output/host/usr/bin/arm-linux-gnueabihf-gcc -c  -pipe  -I/usr/include/freetype2   conftest.c >&5
arm-linux-gnueabihf-gcc: WARNING: unsafe header/library path used in cross-compilation: '-I/usr/include/freetype2'
configure:10185: $? = 0
configure:10189: test -z 
			 || test ! -s conftest.err
configure:10192: $? = 0
configure:10195: test -s conftest.o
configure:10198: $? = 0
configure:10209: result: yes
configure:10229: checking for XftFontOpen in -lXft
configure:10259: /home/sanjit/Documents/workArea/LINUXCNC/compiler/odroid/firmware/buildroot-2016.11.2/output/host/usr/bin/arm-linux-gnueabihf-gcc -o conftest  -pipe  -I/usr/include/freetype2    -Wl,--export-dynamic  conftest.c -lXft   -lXft  -lX11 >&5
arm-linux-gnueabihf-gcc: WARNING: unsafe header/library path used in cross-compilation: '-I/usr/include/freetype2'
configure:10265: $? = 0
configure:10269: test -z 
			 || test ! -s conftest.err
configure:10272: $? = 0
configure:10275: test -s conftest
configure:10278: $? = 0
configure:10291: result: yes
configure:10314: checking for FcFontSort in -lfontconfig
configure:10344: /home/sanjit/Documents/workArea/LINUXCNC/compiler/odroid/firmware/buildroot-2016.11.2/output/host/usr/bin/arm-linux-gnueabihf-gcc -o conftest  -pipe  -I/usr/include/freetype2    -Wl,--export-dynamic  conftest.c -lfontconfig   -lXft  -lX11 -lfontconfig >&5
arm-linux-gnueabihf-gcc: WARNING: unsafe header/library path used in cross-compilation: '-I/usr/include/freetype2'
configure:10350: $? = 0
configure:10354: test -z 
			 || test ! -s conftest.err
configure:10357: $? = 0
configure:10360: test -s conftest
configure:10363: $? = 0
configure:10376: result: yes
configure:10423: checking for X11/XKBlib.h
configure:10439: /home/sanjit/Documents/workArea/LINUXCNC/compiler/odroid/firmware/buildroot-2016.11.2/output/host/usr/bin/arm-linux-gnueabihf-gcc -c  -pipe   conftest.c >&5
configure:10445: $? = 0
configure:10449: test -z 
			 || test ! -s conftest.err
configure:10452: $? = 0
configure:10455: test -s conftest.o
configure:10458: $? = 0
configure:10469: result: yes
configure:10483: checking for XkbKeycodeToKeysym in -lX11
configure:10513: /home/sanjit/Documents/workArea/LINUXCNC/compiler/odroid/firmware/buildroot-2016.11.2/output/host/usr/bin/arm-linux-gnueabihf-gcc -o conftest  -pipe    -Wl,--export-dynamic  conftest.c -lX11   -lpthread -lX11 >&5
configure:10519: $? = 0
configure:10523: test -z 
			 || test ! -s conftest.err
configure:10526: $? = 0
configure:10529: test -s conftest
configure:10532: $? = 0
configure:10545: result: yes
configure:10576: checking whether XKeycodeToKeysym is deprecated
configure:10600: /home/sanjit/Documents/workArea/LINUXCNC/compiler/odroid/firmware/buildroot-2016.11.2/output/host/usr/bin/arm-linux-gnueabihf-gcc -o conftest  -pipe -Werror   -Wl,--export-dynamic  conftest.c  -lpthread >&5
conftest.c: In function 'main':
conftest.c:54:2: error: 'XKeycodeToKeysym' is deprecated [-Werror=deprecated-declarations]
  XKeycodeToKeysym(0,0,0);
  ^
In file included from conftest.c:48:0:
/home/sanjit/Documents/workArea/LINUXCNC/compiler/odroid/firmware/buildroot-2016.11.2/output/host/usr/arm-buildroot-linux-gnueabihf/sysroot/usr/include/X11/Xlib.h:1687:15: note: declared here
 extern KeySym XKeycodeToKeysym(
               ^
cc1: all warnings being treated as errors
configure:10606: $? = 1
configure: failed program was:
| /* confdefs.h.  */
| 
| #define PACKAGE_NAME "tk"
| #define PACKAGE_TARNAME "tk"
| #define PACKAGE_VERSION "8.6"
| #define PACKAGE_STRING "tk 8.6"
| #define PACKAGE_BUGREPORT ""
| #define STDC_HEADERS 1
| #define HAVE_SYS_TYPES_H 1
| #define HAVE_SYS_STAT_H 1
| #define HAVE_STDLIB_H 1
| #define HAVE_STRING_H 1
| #define HAVE_MEMORY_H 1
| #define HAVE_STRINGS_H 1
| #define HAVE_INTTYPES_H 1
| #define HAVE_STDINT_H 1
| #define HAVE_UNISTD_H 1
| #define USE_THREAD_ALLOC 1
| #define _REENTRANT 1
| #define _THREAD_SAFE 1
| #define HAVE_PTHREAD_ATTR_SETSTACKSIZE 1
| #define HAVE_PTHREAD_ATFORK 1
| #define TCL_THREADS 1
| #define MODULE_SCOPE extern __attribute__((__visibility__("hidden")))
| #define HAVE_HIDDEN 1
| #define HAVE_CAST_TO_UNION 1
| #define TCL_SHLIB_EXT ".so"
| #define NDEBUG 1
| #define TCL_CFG_OPTIMIZED 1
| #define _LARGEFILE64_SOURCE 1
| #define TCL_WIDE_INT_TYPE long long
| #define HAVE_STRUCT_DIRENT64 1
| #define HAVE_STRUCT_STAT64 1
| #define HAVE_OPEN64 1
| #define HAVE_LSEEK64 1
| #define HAVE_TYPE_OFF64_T 1
| #define HAVE_SYS_TIME_H 1
| #define TIME_WITH_SYS_TIME 1
| #define strtod fixstrtod
| #define HAVE_INTPTR_T 1
| #define HAVE_UINTPTR_T 1
| #define HAVE_PW_GECOS 1
| #define HAVE_LIBXFT 1
| #define HAVE_XFT 1
| #define HAVE_XKBKEYCODETOKEYSYM 1
| /* end confdefs.h.  */
| 
| 	#include <X11/Xlib.h>
| 
| int
| main ()
| {
| 
| 	XKeycodeToKeysym(0,0,0);
| 
|   ;
|   return 0;
| }
configure:10630: result: yes
configure:10660: checking whether to try to use XScreenSaver
configure:10673: result: yes
configure:10675: checking for X11/extensions/scrnsaver.h
configure:10691: /home/sanjit/Documents/workArea/LINUXCNC/compiler/odroid/firmware/buildroot-2016.11.2/output/host/usr/bin/arm-linux-gnueabihf-gcc -c  -pipe   conftest.c >&5
conftest.c:50:38: fatal error: X11/extensions/scrnsaver.h: No such file or directory
compilation terminated.
configure:10697: $? = 1
configure: failed program was:
| /* confdefs.h.  */
| 
| #define PACKAGE_NAME "tk"
| #define PACKAGE_TARNAME "tk"
| #define PACKAGE_VERSION "8.6"
| #define PACKAGE_STRING "tk 8.6"
| #define PACKAGE_BUGREPORT ""
| #define STDC_HEADERS 1
| #define HAVE_SYS_TYPES_H 1
| #define HAVE_SYS_STAT_H 1
| #define HAVE_STDLIB_H 1
| #define HAVE_STRING_H 1
| #define HAVE_MEMORY_H 1
| #define HAVE_STRINGS_H 1
| #define HAVE_INTTYPES_H 1
| #define HAVE_STDINT_H 1
| #define HAVE_UNISTD_H 1
| #define USE_THREAD_ALLOC 1
| #define _REENTRANT 1
| #define _THREAD_SAFE 1
| #define HAVE_PTHREAD_ATTR_SETSTACKSIZE 1
| #define HAVE_PTHREAD_ATFORK 1
| #define TCL_THREADS 1
| #define MODULE_SCOPE extern __attribute__((__visibility__("hidden")))
| #define HAVE_HIDDEN 1
| #define HAVE_CAST_TO_UNION 1
| #define TCL_SHLIB_EXT ".so"
| #define NDEBUG 1
| #define TCL_CFG_OPTIMIZED 1
| #define _LARGEFILE64_SOURCE 1
| #define TCL_WIDE_INT_TYPE long long
| #define HAVE_STRUCT_DIRENT64 1
| #define HAVE_STRUCT_STAT64 1
| #define HAVE_OPEN64 1
| #define HAVE_LSEEK64 1
| #define HAVE_TYPE_OFF64_T 1
| #define HAVE_SYS_TIME_H 1
| #define TIME_WITH_SYS_TIME 1
| #define strtod fixstrtod
| #define HAVE_INTPTR_T 1
| #define HAVE_UINTPTR_T 1
| #define HAVE_PW_GECOS 1
| #define HAVE_LIBXFT 1
| #define HAVE_XFT 1
| #define HAVE_XKBKEYCODETOKEYSYM 1
| #define XKEYCODETOKEYSYM_IS_DEPRECATED 1
| /* end confdefs.h.  */
| #include <X11/Xlib.h>
| 
| #include <X11/extensions/scrnsaver.h>
configure:10721: result: no
configure:10730: checking for XScreenSaverQueryInfo
configure:10787: /home/sanjit/Documents/workArea/LINUXCNC/compiler/odroid/firmware/buildroot-2016.11.2/output/host/usr/bin/arm-linux-gnueabihf-gcc -o conftest  -pipe    -Wl,--export-dynamic  conftest.c  -lpthread -lX11 >&5
/tmp/ccoE7lzY.o: In function `main':
conftest.c:(.text+0x14): undefined reference to `XScreenSaverQueryInfo'
conftest.c:(.text+0x18): undefined reference to `XScreenSaverQueryInfo'
/tmp/ccoE7lzY.o:(.data+0x0): undefined reference to `XScreenSaverQueryInfo'
collect2: error: ld returned 1 exit status
configure:10793: $? = 1
configure: failed program was:
| /* confdefs.h.  */
| 
| #define PACKAGE_NAME "tk"
| #define PACKAGE_TARNAME "tk"
| #define PACKAGE_VERSION "8.6"
| #define PACKAGE_STRING "tk 8.6"
| #define PACKAGE_BUGREPORT ""
| #define STDC_HEADERS 1
| #define HAVE_SYS_TYPES_H 1
| #define HAVE_SYS_STAT_H 1
| #define HAVE_STDLIB_H 1
| #define HAVE_STRING_H 1
| #define HAVE_MEMORY_H 1
| #define HAVE_STRINGS_H 1
| #define HAVE_INTTYPES_H 1
| #define HAVE_STDINT_H 1
| #define HAVE_UNISTD_H 1
| #define USE_THREAD_ALLOC 1
| #define _REENTRANT 1
| #define _THREAD_SAFE 1
| #define HAVE_PTHREAD_ATTR_SETSTACKSIZE 1
| #define HAVE_PTHREAD_ATFORK 1
| #define TCL_THREADS 1
| #define MODULE_SCOPE extern __attribute__((__visibility__("hidden")))
| #define HAVE_HIDDEN 1
| #define HAVE_CAST_TO_UNION 1
| #define TCL_SHLIB_EXT ".so"
| #define NDEBUG 1
| #define TCL_CFG_OPTIMIZED 1
| #define _LARGEFILE64_SOURCE 1
| #define TCL_WIDE_INT_TYPE long long
| #define HAVE_STRUCT_DIRENT64 1
| #define HAVE_STRUCT_STAT64 1
| #define HAVE_OPEN64 1
| #define HAVE_LSEEK64 1
| #define HAVE_TYPE_OFF64_T 1
| #define HAVE_SYS_TIME_H 1
| #define TIME_WITH_SYS_TIME 1
| #define strtod fixstrtod
| #define HAVE_INTPTR_T 1
| #define HAVE_UINTPTR_T 1
| #define HAVE_PW_GECOS 1
| #define HAVE_LIBXFT 1
| #define HAVE_XFT 1
| #define HAVE_XKBKEYCODETOKEYSYM 1
| #define XKEYCODETOKEYSYM_IS_DEPRECATED 1
| /* end confdefs.h.  */
| /* Define XScreenSaverQueryInfo to an innocuous variant, in case <limits.h> declares XScreenSaverQueryInfo.
|    For example, HP-UX 11i <limits.h> declares gettimeofday.  */
| #define XScreenSaverQueryInfo innocuous_XScreenSaverQueryInfo
| 
| /* System header to define __stub macros and hopefully few prototypes,
|     which can conflict with char XScreenSaverQueryInfo (); below.
|     Prefer <limits.h> to <assert.h> if __STDC__ is defined, since
|     <limits.h> exists even on freestanding compilers.  */
| 
| #ifdef __STDC__
| # include <limits.h>
| #else
| # include <assert.h>
| #endif
| 
| #undef XScreenSaverQueryInfo
| 
| /* Override any gcc2 internal prototype to avoid an error.  */
| #ifdef __cplusplus
| extern "C"
| {
| #endif
| /* We use char because int might match the return type of a gcc2
|    builtin and then its argument prototype would still apply.  */
| char XScreenSaverQueryInfo ();
| /* The GNU C library defines this for functions which it implements
|     to always fail with ENOSYS.  Some functions are actually named
|     something starting with __ and the normal name is an alias.  */
| #if defined (__stub_XScreenSaverQueryInfo) || defined (__stub___XScreenSaverQueryInfo)
| choke me
| #else
| char (*f) () = XScreenSaverQueryInfo;
| #endif
| #ifdef __cplusplus
| }
| #endif
| 
| int
| main ()
| {
| return f != XScreenSaverQueryInfo;
|   ;
|   return 0;
| }
configure:10818: result: no
configure:10824: checking for XScreenSaverQueryInfo in -lXext
configure:10854: /home/sanjit/Documents/workArea/LINUXCNC/compiler/odroid/firmware/buildroot-2016.11.2/output/host/usr/bin/arm-linux-gnueabihf-gcc -o conftest  -pipe    -Wl,--export-dynamic  conftest.c -lXext   -lpthread -lX11 >&5
/tmp/ccAxXNH2.o: In function `main':
conftest.c:(.text+0xc): undefined reference to `XScreenSaverQueryInfo'
collect2: error: ld returned 1 exit status
configure:10860: $? = 1
configure: failed program was:
| /* confdefs.h.  */
| 
| #define PACKAGE_NAME "tk"
| #define PACKAGE_TARNAME "tk"
| #define PACKAGE_VERSION "8.6"
| #define PACKAGE_STRING "tk 8.6"
| #define PACKAGE_BUGREPORT ""
| #define STDC_HEADERS 1
| #define HAVE_SYS_TYPES_H 1
| #define HAVE_SYS_STAT_H 1
| #define HAVE_STDLIB_H 1
| #define HAVE_STRING_H 1
| #define HAVE_MEMORY_H 1
| #define HAVE_STRINGS_H 1
| #define HAVE_INTTYPES_H 1
| #define HAVE_STDINT_H 1
| #define HAVE_UNISTD_H 1
| #define USE_THREAD_ALLOC 1
| #define _REENTRANT 1
| #define _THREAD_SAFE 1
| #define HAVE_PTHREAD_ATTR_SETSTACKSIZE 1
| #define HAVE_PTHREAD_ATFORK 1
| #define TCL_THREADS 1
| #define MODULE_SCOPE extern __attribute__((__visibility__("hidden")))
| #define HAVE_HIDDEN 1
| #define HAVE_CAST_TO_UNION 1
| #define TCL_SHLIB_EXT ".so"
| #define NDEBUG 1
| #define TCL_CFG_OPTIMIZED 1
| #define _LARGEFILE64_SOURCE 1
| #define TCL_WIDE_INT_TYPE long long
| #define HAVE_STRUCT_DIRENT64 1
| #define HAVE_STRUCT_STAT64 1
| #define HAVE_OPEN64 1
| #define HAVE_LSEEK64 1
| #define HAVE_TYPE_OFF64_T 1
| #define HAVE_SYS_TIME_H 1
| #define TIME_WITH_SYS_TIME 1
| #define strtod fixstrtod
| #define HAVE_INTPTR_T 1
| #define HAVE_UINTPTR_T 1
| #define HAVE_PW_GECOS 1
| #define HAVE_LIBXFT 1
| #define HAVE_XFT 1
| #define HAVE_XKBKEYCODETOKEYSYM 1
| #define XKEYCODETOKEYSYM_IS_DEPRECATED 1
| /* end confdefs.h.  */
| 
| /* Override any gcc2 internal prototype to avoid an error.  */
| #ifdef __cplusplus
| extern "C"
| #endif
| /* We use char because int might match the return type of a gcc2
|    builtin and then its argument prototype would still apply.  */
| char XScreenSaverQueryInfo ();
| int
| main ()
| {
| XScreenSaverQueryInfo ();
|   ;
|   return 0;
| }
configure:10886: result: no
configure:10895: checking for XScreenSaverQueryInfo in -lXss
configure:10925: /home/sanjit/Documents/workArea/LINUXCNC/compiler/odroid/firmware/buildroot-2016.11.2/output/host/usr/bin/arm-linux-gnueabihf-gcc -o conftest  -pipe    -Wl,--export-dynamic  conftest.c -lXss -lXext  -lpthread -lX11 >&5
/home/sanjit/Documents/workArea/LINUXCNC/compiler/odroid/firmware/buildroot-2016.11.2/output/host/opt/ext-toolchain/bin/../lib/gcc/arm-linux-gnueabihf/5.3.1/../../../../arm-linux-gnueabihf/bin/ld: cannot find -lXss
collect2: error: ld returned 1 exit status
configure:10931: $? = 1
configure: failed program was:
| /* confdefs.h.  */
| 
| #define PACKAGE_NAME "tk"
| #define PACKAGE_TARNAME "tk"
| #define PACKAGE_VERSION "8.6"
| #define PACKAGE_STRING "tk 8.6"
| #define PACKAGE_BUGREPORT ""
| #define STDC_HEADERS 1
| #define HAVE_SYS_TYPES_H 1
| #define HAVE_SYS_STAT_H 1
| #define HAVE_STDLIB_H 1
| #define HAVE_STRING_H 1
| #define HAVE_MEMORY_H 1
| #define HAVE_STRINGS_H 1
| #define HAVE_INTTYPES_H 1
| #define HAVE_STDINT_H 1
| #define HAVE_UNISTD_H 1
| #define USE_THREAD_ALLOC 1
| #define _REENTRANT 1
| #define _THREAD_SAFE 1
| #define HAVE_PTHREAD_ATTR_SETSTACKSIZE 1
| #define HAVE_PTHREAD_ATFORK 1
| #define TCL_THREADS 1
| #define MODULE_SCOPE extern __attribute__((__visibility__("hidden")))
| #define HAVE_HIDDEN 1
| #define HAVE_CAST_TO_UNION 1
| #define TCL_SHLIB_EXT ".so"
| #define NDEBUG 1
| #define TCL_CFG_OPTIMIZED 1
| #define _LARGEFILE64_SOURCE 1
| #define TCL_WIDE_INT_TYPE long long
| #define HAVE_STRUCT_DIRENT64 1
| #define HAVE_STRUCT_STAT64 1
| #define HAVE_OPEN64 1
| #define HAVE_LSEEK64 1
| #define HAVE_TYPE_OFF64_T 1
| #define HAVE_SYS_TIME_H 1
| #define TIME_WITH_SYS_TIME 1
| #define strtod fixstrtod
| #define HAVE_INTPTR_T 1
| #define HAVE_UINTPTR_T 1
| #define HAVE_PW_GECOS 1
| #define HAVE_LIBXFT 1
| #define HAVE_XFT 1
| #define HAVE_XKBKEYCODETOKEYSYM 1
| #define XKEYCODETOKEYSYM_IS_DEPRECATED 1
| /* end confdefs.h.  */
| 
| /* Override any gcc2 internal prototype to avoid an error.  */
| #ifdef __cplusplus
| extern "C"
| #endif
| /* We use char because int might match the return type of a gcc2
|    builtin and then its argument prototype would still apply.  */
| char XScreenSaverQueryInfo ();
| int
| main ()
| {
| XScreenSaverQueryInfo ();
|   ;
|   return 0;
| }
configure:10957: result: no
configure:10996: checking whether char is unsigned
configure:11019: /home/sanjit/Documents/workArea/LINUXCNC/compiler/odroid/firmware/buildroot-2016.11.2/output/host/usr/bin/arm-linux-gnueabihf-gcc -c  -pipe  conftest.c >&5
conftest.c: In function 'main':
conftest.c:85:12: error: size of array 'test_array' is negative
 static int test_array [1 - 2 * !(((char) -1) < 0)];
            ^
configure:11025: $? = 1
configure: failed program was:
| /* confdefs.h.  */
| 
| #define PACKAGE_NAME "tk"
| #define PACKAGE_TARNAME "tk"
| #define PACKAGE_VERSION "8.6"
| #define PACKAGE_STRING "tk 8.6"
| #define PACKAGE_BUGREPORT ""
| #define STDC_HEADERS 1
| #define HAVE_SYS_TYPES_H 1
| #define HAVE_SYS_STAT_H 1
| #define HAVE_STDLIB_H 1
| #define HAVE_STRING_H 1
| #define HAVE_MEMORY_H 1
| #define HAVE_STRINGS_H 1
| #define HAVE_INTTYPES_H 1
| #define HAVE_STDINT_H 1
| #define HAVE_UNISTD_H 1
| #define USE_THREAD_ALLOC 1
| #define _REENTRANT 1
| #define _THREAD_SAFE 1
| #define HAVE_PTHREAD_ATTR_SETSTACKSIZE 1
| #define HAVE_PTHREAD_ATFORK 1
| #define TCL_THREADS 1
| #define MODULE_SCOPE extern __attribute__((__visibility__("hidden")))
| #define HAVE_HIDDEN 1
| #define HAVE_CAST_TO_UNION 1
| #define TCL_SHLIB_EXT ".so"
| #define NDEBUG 1
| #define TCL_CFG_OPTIMIZED 1
| #define _LARGEFILE64_SOURCE 1
| #define TCL_WIDE_INT_TYPE long long
| #define HAVE_STRUCT_DIRENT64 1
| #define HAVE_STRUCT_STAT64 1
| #define HAVE_OPEN64 1
| #define HAVE_LSEEK64 1
| #define HAVE_TYPE_OFF64_T 1
| #define HAVE_SYS_TIME_H 1
| #define TIME_WITH_SYS_TIME 1
| #define strtod fixstrtod
| #define HAVE_INTPTR_T 1
| #define HAVE_UINTPTR_T 1
| #define HAVE_PW_GECOS 1
| #define HAVE_LIBXFT 1
| #define HAVE_XFT 1
| #define HAVE_XKBKEYCODETOKEYSYM 1
| #define XKEYCODETOKEYSYM_IS_DEPRECATED 1
| /* end confdefs.h.  */
| #include <stdio.h>
| #if HAVE_SYS_TYPES_H
| # include <sys/types.h>
| #endif
| #if HAVE_SYS_STAT_H
| # include <sys/stat.h>
| #endif
| #if STDC_HEADERS
| # include <stdlib.h>
| # include <stddef.h>
| #else
| # if HAVE_STDLIB_H
| #  include <stdlib.h>
| # endif
| #endif
| #if HAVE_STRING_H
| # if !STDC_HEADERS && HAVE_MEMORY_H
| #  include <memory.h>
| # endif
| # include <string.h>
| #endif
| #if HAVE_STRINGS_H
| # include <strings.h>
| #endif
| #if HAVE_INTTYPES_H
| # include <inttypes.h>
| #else
| # if HAVE_STDINT_H
| #  include <stdint.h>
| # endif
| #endif
| #if HAVE_UNISTD_H
| # include <unistd.h>
| #endif
| int
| main ()
| {
| static int test_array [1 - 2 * !(((char) -1) < 0)];
| test_array [0] = 0
| 
|   ;
|   return 0;
| }
configure:11049: result: yes
configure:11417: creating ./config.status

## ---------------------- ##
## Running config.status. ##
## ---------------------- ##

This file was extended by tk config.status 8.6, which was
generated by GNU Autoconf 2.59.  Invocation command line was

  CONFIG_FILES    = 
  CONFIG_HEADERS  = 
  CONFIG_LINKS    = 
  CONFIG_COMMANDS = 
  $ ./config.status 

on lost

config.status:738: creating Makefile
config.status:738: creating tkConfig.sh
config.status:738: creating tk.pc

## ---------------- ##
## Cache variables. ##
## ---------------- ##

ac_cv_c_bigendian=no
ac_cv_c_char_unsigned=yes
ac_cv_c_compiler_gnu=yes
ac_cv_c_inline=inline
ac_cv_c_tclconfig=/home/sanjit/Documents/workArea/LINUXCNC/compiler/odroid/firmware/buildroot-2016.11.2/output/build/tcl-8.6.6/unix
ac_cv_env_CC_set=set
ac_cv_env_CC_value=/home/sanjit/Documents/workArea/LINUXCNC/compiler/odroid/firmware/buildroot-2016.11.2/output/host/usr/bin/arm-linux-gnueabihf-gcc
ac_cv_env_CFLAGS_set=
ac_cv_env_CFLAGS_value=
ac_cv_env_CPPFLAGS_set=
ac_cv_env_CPPFLAGS_value=
ac_cv_env_CPP_set=set
ac_cv_env_CPP_value=/home/sanjit/Documents/workArea/LINUXCNC/compiler/odroid/firmware/buildroot-2016.11.2/output/host/usr/bin/arm-linux-gnueabihf-cpp
ac_cv_env_LDFLAGS_set=
ac_cv_env_LDFLAGS_value=
ac_cv_env_build_alias_set=
ac_cv_env_build_alias_value=
ac_cv_env_host_alias_set=set
ac_cv_env_host_alias_value=i386-linux
ac_cv_env_target_alias_set=set
ac_cv_env_target_alias_value=arm
ac_cv_exeext=
ac_cv_func_XScreenSaverQueryInfo=no
ac_cv_func_lseek64=yes
ac_cv_func_open64=yes
ac_cv_func_pthread_atfork=yes
ac_cv_func_pthread_attr_setstacksize=yes
ac_cv_func_strtod=yes
ac_cv_have_x='have_x=yes 		ac_x_includes= ac_x_libraries='
ac_cv_header_X11_XKBlib_h=yes
ac_cv_header_X11_Xft_Xft_h=yes
ac_cv_header_X11_extensions_scrnsaver_h=no
ac_cv_header_inttypes_h=yes
ac_cv_header_memory_h=yes
ac_cv_header_stdc=yes
ac_cv_header_stdint_h=yes
ac_cv_header_stdlib_h=yes
ac_cv_header_string_h=yes
ac_cv_header_strings_h=yes
ac_cv_header_sys_stat_h=yes
ac_cv_header_sys_time_h=yes
ac_cv_header_sys_types_h=yes
ac_cv_header_time=yes
ac_cv_header_unistd_h=yes
ac_cv_lib_X11_XkbKeycodeToKeysym=yes
ac_cv_lib_Xbsd_main=no
ac_cv_lib_Xext_XScreenSaverQueryInfo=no
ac_cv_lib_Xft_XftFontOpen=yes
ac_cv_lib_Xss_XScreenSaverQueryInfo=no
ac_cv_lib_dl_dlopen=yes
ac_cv_lib_fontconfig_FcFontSort=yes
ac_cv_lib_pthread_pthread_mutex_init=yes
ac_cv_objext=o
ac_cv_path_tclsh=/usr/local/bin/tclsh8.6
ac_cv_prog_CC=/home/sanjit/Documents/workArea/LINUXCNC/compiler/odroid/firmware/buildroot-2016.11.2/output/host/usr/bin/arm-linux-gnueabihf-gcc
ac_cv_prog_CPP=/home/sanjit/Documents/workArea/LINUXCNC/compiler/odroid/firmware/buildroot-2016.11.2/output/host/usr/bin/arm-linux-gnueabihf-cpp
ac_cv_prog_ac_ct_AR=ar
ac_cv_prog_ac_ct_RANLIB=ranlib
ac_cv_prog_cc_g=yes
ac_cv_prog_cc_stdc=
ac_cv_prog_egrep='grep -E'
ac_cv_type_intptr_t=yes
ac_cv_type_mode_t=yes
ac_cv_type_pid_t=yes
ac_cv_type_size_t=yes
ac_cv_type_uid_t=yes
ac_cv_type_uintptr_t=yes
tcl_cv_cast_to_union=yes
tcl_cv_cc_pipe=yes
tcl_cv_cc_visibility_hidden=yes
tcl_cv_flag__isoc99_source=no
tcl_cv_flag__largefile64_source=yes
tcl_cv_flag__largefile_source64=no
tcl_cv_pwd_pw_gecos=yes
tcl_cv_strtod_buggy=buggy
tcl_cv_struct_dirent64=yes
tcl_cv_struct_stat64=yes
tcl_cv_sys_version=Linux-3.16.0-4-amd64
tcl_cv_type_64bit='long long'
tcl_cv_type_fd_set=yes
tcl_cv_type_off64_t=yes

## ----------------- ##
## Output variables. ##
## ----------------- ##

APP_RSRC_FILE=''
AR='ar'
BUILD_TCLSH='/home/sanjit/Documents/workArea/LINUXCNC/compiler/odroid/firmware/buildroot-2016.11.2/output/build/tcl-8.6.6/unix/tclsh'
CC='/home/sanjit/Documents/workArea/LINUXCNC/compiler/odroid/firmware/buildroot-2016.11.2/output/host/usr/bin/arm-linux-gnueabihf-gcc'
CC_SEARCH_FLAGS='-Wl,-rpath,${LIB_RUNTIME_DIR}'
CFBUNDLELOCALIZATIONS=''
CFLAGS=' -pipe '
CFLAGS_DEBUG='-g'
CFLAGS_DEFAULT='$(CFLAGS_OPTIMIZE)'
CFLAGS_OPTIMIZE='-O2'
CFLAGS_WARNING='-Wall'
CPP='/home/sanjit/Documents/workArea/LINUXCNC/compiler/odroid/firmware/buildroot-2016.11.2/output/host/usr/bin/arm-linux-gnueabihf-cpp'
CPPFLAGS=''
DEFS='-DPACKAGE_NAME=\"tk\" -DPACKAGE_TARNAME=\"tk\" -DPACKAGE_VERSION=\"8.6\" -DPACKAGE_STRING=\"tk\ 8.6\" -DPACKAGE_BUGREPORT=\"\" -DSTDC_HEADERS=1 -DHAVE_SYS_TYPES_H=1 -DHAVE_SYS_STAT_H=1 -DHAVE_STDLIB_H=1 -DHAVE_STRING_H=1 -DHAVE_MEMORY_H=1 -DHAVE_STRINGS_H=1 -DHAVE_INTTYPES_H=1 -DHAVE_STDINT_H=1 -DHAVE_UNISTD_H=1 -DUSE_THREAD_ALLOC=1 -D_REENTRANT=1 -D_THREAD_SAFE=1 -DHAVE_PTHREAD_ATTR_SETSTACKSIZE=1 -DHAVE_PTHREAD_ATFORK=1 -DTCL_THREADS=1 -DMODULE_SCOPE=extern\ __attribute__\(\(__visibility__\(\"hidden\"\)\)\) -DHAVE_HIDDEN=1 -DHAVE_CAST_TO_UNION=1 -DTCL_SHLIB_EXT=\".so\" -DNDEBUG=1 -DTCL_CFG_OPTIMIZED=1 -D_LARGEFILE64_SOURCE=1 -DTCL_WIDE_INT_TYPE=long\ long -DHAVE_STRUCT_DIRENT64=1 -DHAVE_STRUCT_STAT64=1 -DHAVE_OPEN64=1 -DHAVE_LSEEK64=1 -DHAVE_TYPE_OFF64_T=1 -DHAVE_SYS_TIME_H=1 -DTIME_WITH_SYS_TIME=1 -Dstrtod=fixstrtod -DHAVE_INTPTR_T=1 -DHAVE_UINTPTR_T=1 -DHAVE_PW_GECOS=1 -DHAVE_LIBXFT=1 -DHAVE_XFT=1 -DHAVE_XKBKEYCODETOKEYSYM=1 -DXKEYCODETOKEYSYM_IS_DEPRECATED=1 '
DLL_INSTALL_DIR='$(LIB_INSTALL_DIR)'
DL_LIBS='-ldl'
DL_OBJS='tclLoadDl.o'
ECHO_C=''
ECHO_N='-n'
ECHO_T=''
EGREP='grep -E'
EXEEXT=''
EXTRA_APP_CC_SWITCHES=''
EXTRA_BUILD_HTML=''
EXTRA_CC_SWITCHES=''
EXTRA_INSTALL=''
EXTRA_INSTALL_BINARIES=''
EXTRA_WISH_LIBS=''
HTML_DIR='$(DISTDIR)/html'
INSTALL_LIB='$(INSTALL_LIBRARY) $(LIB_FILE) "$(LIB_INSTALL_DIR)/$(LIB_FILE)"'
INSTALL_STUB_LIB='$(INSTALL_LIBRARY) $(STUB_LIB_FILE) "$(LIB_INSTALL_DIR)/$(STUB_LIB_FILE)"'
LDAIX_SRC=''
LDFLAGS=' -Wl,--export-dynamic '
LDFLAGS_DEBUG=''
LDFLAGS_DEFAULT='$(LDFLAGS_OPTIMIZE)'
LDFLAGS_OPTIMIZE=''
LD_LIBRARY_PATH_VAR='LD_LIBRARY_PATH'
LD_SEARCH_FLAGS='-Wl,-rpath,${LIB_RUNTIME_DIR}'
LIBOBJS=' fixstrtod$U.o'
LIBS=' -lpthread'
LIB_RSRC_FILE=''
LIB_RUNTIME_DIR='$(libdir):/usr/lib'
LOCALES='cs da de el en en_gb eo es fr hu it nl pl pt ru sv'
LTLIBOBJS=' fixstrtod$U.lo'
MAKE_LIB='${SHLIB_LD} -o $@ ${OBJS} ${SHLIB_LD_LIBS} ${TCL_SHLIB_LD_EXTRAS} ${TK_SHLIB_LD_EXTRAS} ${LD_SEARCH_FLAGS}'
MAKE_STUB_LIB='${STLIB_LD} $@ ${STUB_LIB_OBJS} ; ${RANLIB} $@'
MAN_FLAGS=''
OBJEXT='o'
PACKAGE_BUGREPORT=''
PACKAGE_NAME='tk'
PACKAGE_STRING='tk 8.6'
PACKAGE_TARNAME='tk'
PACKAGE_VERSION='8.6'
PATH_SEPARATOR=':'
PLAT_OBJS=''
PLAT_SRCS=''
PRIVATE_INCLUDE_DIR='$(includedir)'
RANLIB='ranlib'
REZ=''
REZ_FLAGS=''
SHELL='/bin/bash'
SHLIB_CFLAGS='-fPIC'
SHLIB_LD='${CC} -shared ${CFLAGS} ${LDFLAGS}'
SHLIB_LD_LIBS='${LIBS} ${TCL_STUB_LIB_SPEC}'
SHLIB_SUFFIX='.so'
STLIB_LD='${AR} cr'
TCLSH_PROG='/usr/local/bin/tclsh8.6'
TCL_BIN_DIR='/home/sanjit/Documents/workArea/LINUXCNC/compiler/odroid/firmware/buildroot-2016.11.2/output/build/tcl-8.6.6/unix'
TCL_LIBS='-ldl -lz  -lpthread -lieee -lm'
TCL_LIB_FILE='libtcl8.6.so'
TCL_LIB_FLAG='-ltcl8.6'
TCL_LIB_SPEC='-L/home/sanjit/Documents/workArea/LINUXCNC/compiler/odroid/firmware/buildroot-2016.11.2/output/build/tcl-8.6.6/unix -ltcl8.6'
TCL_PATCH_LEVEL='.6'
TCL_SHLIB_LD_EXTRAS=''
TCL_SRC_DIR='/home/sanjit/Documents/workArea/LINUXCNC/compiler/odroid/firmware/buildroot-2016.11.2/output/build/tcl-8.6.6'
TCL_STUB_FLAGS='-DUSE_TCL_STUBS'
TCL_STUB_LIB_FILE='libtclstub8.6.a'
TCL_STUB_LIB_FLAG='-ltclstub8.6'
TCL_STUB_LIB_SPEC='-L/home/sanjit/Documents/workArea/LINUXCNC/compiler/odroid/firmware/buildroot-2016.11.2/output/build/tcl-8.6.6/unix -ltclstub8.6'
TCL_THREADS='1'
TCL_VERSION='8.6'
TK_BUILD_LIB_SPEC='-L/home/sanjit/Documents/workArea/LINUXCNC/compiler/odroid/firmware/tk8.6.5/unix -ltk8.6'
TK_BUILD_STUB_LIB_PATH='/home/sanjit/Documents/workArea/LINUXCNC/compiler/odroid/firmware/tk8.6.5/unix/libtkstub8.6.a'
TK_BUILD_STUB_LIB_SPEC='-L/home/sanjit/Documents/workArea/LINUXCNC/compiler/odroid/firmware/tk8.6.5/unix -ltkstub8.6'
TK_INCLUDE_SPEC='-I/home/sanjit/Documents/workArea/LINUXCNC/compiler/odroid/firmware/buildroot-2016.11.2/output/host/usr/arm-buildroot-linux-gnueabihf/sysroot/usr/lib/include'
TK_LIBRARY='$(prefix)/lib/tk$(VERSION)'
TK_LIB_FILE='libtk8.6.so'
TK_LIB_FLAG='-ltk8.6'
TK_LIB_SPEC='-L/home/sanjit/Documents/workArea/LINUXCNC/compiler/odroid/firmware/buildroot-2016.11.2/output/host/usr/arm-buildroot-linux-gnueabihf/sysroot/usr/lib/lib -ltk8.6'
TK_MAJOR_VERSION='8'
TK_MINOR_VERSION='6'
TK_PATCH_LEVEL='.5'
TK_PKG_DIR='tk$(VERSION)'
TK_RSRC_FILE='tk$(VERSION).rsrc'
TK_SHARED_BUILD='1'
TK_SHLIB_LD_EXTRAS=''
TK_SRC_DIR='/home/sanjit/Documents/workArea/LINUXCNC/compiler/odroid/firmware/tk8.6.5'
TK_STUB_LIB_FILE='libtkstub8.6.a'
TK_STUB_LIB_FLAG='-ltkstub8.6'
TK_STUB_LIB_PATH='/home/sanjit/Documents/workArea/LINUXCNC/compiler/odroid/firmware/buildroot-2016.11.2/output/host/usr/arm-buildroot-linux-gnueabihf/sysroot/usr/lib/lib/libtkstub8.6.a'
TK_STUB_LIB_SPEC='-L/home/sanjit/Documents/workArea/LINUXCNC/compiler/odroid/firmware/buildroot-2016.11.2/output/host/usr/arm-buildroot-linux-gnueabihf/sysroot/usr/lib/lib -ltkstub8.6'
TK_VERSION='8.6'
TK_WINDOWINGSYSTEM='X11'
TK_YEAR=''
UNIX_FONT_OBJS='tkUnixRFont.o'
WISH_RSRC_FILE='wish$(VERSION).rsrc'
XFT_CFLAGS='-I/usr/include/freetype2 '
XFT_LIBS='-lXft  -lfontconfig'
XINCLUDES=''
XLIBSW='-lX11'
ac_ct_AR='ar'
ac_ct_CC=''
ac_ct_RANLIB='ranlib'
bindir='${exec_prefix}/bin'
build_alias=''
datadir='${prefix}/share'
exec_prefix='/home/sanjit/Documents/workArea/LINUXCNC/compiler/odroid/firmware/buildroot-2016.11.2/output/host/usr/arm-buildroot-linux-gnueabihf/sysroot/usr/lib'
host_alias='i386-linux'
includedir='${prefix}/include'
infodir='${prefix}/info'
libdir='/home/sanjit/Documents/workArea/LINUXCNC/compiler/odroid/firmware/buildroot-2016.11.2/output/host/usr/arm-buildroot-linux-gnueabihf/sysroot/usr/lib/lib'
libexecdir='${exec_prefix}/libexec'
localstatedir='${prefix}/var'
mandir='${prefix}/man'
oldincludedir='/usr/include'
prefix='/home/sanjit/Documents/workArea/LINUXCNC/compiler/odroid/firmware/buildroot-2016.11.2/output/host/usr/arm-buildroot-linux-gnueabihf/sysroot/usr/lib'
program_transform_name='s,x,x,'
sbindir='${exec_prefix}/sbin'
sharedstatedir='${prefix}/com'
sysconfdir='${prefix}/etc'
target_alias='arm'

## ----------- ##
## confdefs.h. ##
## ----------- ##

#define HAVE_CAST_TO_UNION 1
#define HAVE_HIDDEN 1
#define HAVE_INTPTR_T 1
#define HAVE_INTTYPES_H 1
#define HAVE_LIBXFT 1
#define HAVE_LSEEK64 1
#define HAVE_MEMORY_H 1
#define HAVE_OPEN64 1
#define HAVE_PTHREAD_ATFORK 1
#define HAVE_PTHREAD_ATTR_SETSTACKSIZE 1
#define HAVE_PW_GECOS 1
#define HAVE_STDINT_H 1
#define HAVE_STDLIB_H 1
#define HAVE_STRINGS_H 1
#define HAVE_STRING_H 1
#define HAVE_STRUCT_DIRENT64 1
#define HAVE_STRUCT_STAT64 1
#define HAVE_SYS_STAT_H 1
#define HAVE_SYS_TIME_H 1
#define HAVE_SYS_TYPES_H 1
#define HAVE_TYPE_OFF64_T 1
#define HAVE_UINTPTR_T 1
#define HAVE_UNISTD_H 1
#define HAVE_XFT 1
#define HAVE_XKBKEYCODETOKEYSYM 1
#define MODULE_SCOPE extern __attribute__((__visibility__("hidden")))
#define NDEBUG 1
#define PACKAGE_BUGREPORT ""
#define PACKAGE_NAME "tk"
#define PACKAGE_STRING "tk 8.6"
#define PACKAGE_TARNAME "tk"
#define PACKAGE_VERSION "8.6"
#define STDC_HEADERS 1
#define TCL_CFG_OPTIMIZED 1
#define TCL_SHLIB_EXT ".so"
#define TCL_THREADS 1
#define TCL_WIDE_INT_TYPE long long
#define TIME_WITH_SYS_TIME 1
#define USE_THREAD_ALLOC 1
#define XKEYCODETOKEYSYM_IS_DEPRECATED 1
#define _LARGEFILE64_SOURCE 1
#define _REENTRANT 1
#define _THREAD_SAFE 1
#define strtod fixstrtod

configure: exit 0
